{"meta": {"format": 3, "version": "7.11.3", "timestamp": "2025-11-16T01:41:54.471077", "branch_coverage": true, "show_contexts": false}, "files": {"nook/api/exceptions.py": {"executed_lines": [1, 3, 6, 7, 9, 16, 17, 20, 21, 23, 24, 31, 32, 34, 35, 43, 44, 46, 47, 54, 55, 57, 58, 63, 66, 67, 69, 70], "summary": {"covered_lines": 22, "num_statements": 22, "percent_covered": 100.0, "percent_covered_display": "100.00", "missing_lines": 0, "excluded_lines": 0, "num_branches": 0, "num_partial_branches": 0, "covered_branches": 0, "missing_branches": 0}, "missing_lines": [], "excluded_lines": [], "executed_branches": [], "missing_branches": [], "functions": {"NookHTTPException.__init__": {"executed_lines": [16, 17], "summary": {"covered_lines": 2, "num_statements": 2, "percent_covered": 100.0, "percent_covered_display": "100.00", "missing_lines": 0, "excluded_lines": 0, "num_branches": 0, "num_partial_branches": 0, "covered_branches": 0, "missing_branches": 0}, "missing_lines": [], "excluded_lines": [], "executed_branches": [], "missing_branches": []}, "NotFoundError.__init__": {"executed_lines": [24], "summary": {"covered_lines": 1, "num_statements": 1, "percent_covered": 100.0, "percent_covered_display": "100.00", "missing_lines": 0, "excluded_lines": 0, "num_branches": 0, "num_partial_branches": 0, "covered_branches": 0, "missing_branches": 0}, "missing_lines": [], "excluded_lines": [], "executed_branches": [], "missing_branches": []}, "AuthenticationError.__init__": {"executed_lines": [35], "summary": {"covered_lines": 1, "num_statements": 1, "percent_covered": 100.0, "percent_covered_display": "100.00", "missing_lines": 0, "excluded_lines": 0, "num_branches": 0, "num_partial_branches": 0, "covered_branches": 0, "missing_branches": 0}, "missing_lines": [], "excluded_lines": [], "executed_branches": [], "missing_branches": []}, "AuthorizationError.__init__": {"executed_lines": [47], "summary": {"covered_lines": 1, "num_statements": 1, "percent_covered": 100.0, "percent_covered_display": "100.00", "missing_lines": 0, "excluded_lines": 0, "num_branches": 0, "num_partial_branches": 0, "covered_branches": 0, "missing_branches": 0}, "missing_lines": [], "excluded_lines": [], "executed_branches": [], "missing_branches": []}, "ValidationError.__init__": {"executed_lines": [58, 63], "summary": {"covered_lines": 2, "num_statements": 2, "percent_covered": 100.0, "percent_covered_display": "100.00", "missing_lines": 0, "excluded_lines": 0, "num_branches": 0, "num_partial_branches": 0, "covered_branches": 0, "missing_branches": 0}, "missing_lines": [], "excluded_lines": [], "executed_branches": [], "missing_branches": []}, "RateLimitError.__init__": {"executed_lines": [70], "summary": {"covered_lines": 1, "num_statements": 1, "percent_covered": 100.0, "percent_covered_display": "100.00", "missing_lines": 0, "excluded_lines": 0, "num_branches": 0, "num_partial_branches": 0, "covered_branches": 0, "missing_branches": 0}, "missing_lines": [], "excluded_lines": [], "executed_branches": [], "missing_branches": []}, "": {"executed_lines": [1, 3, 6, 7, 9, 20, 21, 23, 31, 32, 34, 43, 44, 46, 54, 55, 57, 66, 67, 69], "summary": {"covered_lines": 14, "num_statements": 14, "percent_covered": 100.0, "percent_covered_display": "100.00", "missing_lines": 0, "excluded_lines": 0, "num_branches": 0, "num_partial_branches": 0, "covered_branches": 0, "missing_branches": 0}, "missing_lines": [], "excluded_lines": [], "executed_branches": [], "missing_branches": []}}, "classes": {"NookHTTPException": {"executed_lines": [16, 17], "summary": {"covered_lines": 2, "num_statements": 2, "percent_covered": 100.0, "percent_covered_display": "100.00", "missing_lines": 0, "excluded_lines": 0, "num_branches": 0, "num_partial_branches": 0, "covered_branches": 0, "missing_branches": 0}, "missing_lines": [], "excluded_lines": [], "executed_branches": [], "missing_branches": []}, "NotFoundError": {"executed_lines": [24], "summary": {"covered_lines": 1, "num_statements": 1, "percent_covered": 100.0, "percent_covered_display": "100.00", "missing_lines": 0, "excluded_lines": 0, "num_branches": 0, "num_partial_branches": 0, "covered_branches": 0, "missing_branches": 0}, "missing_lines": [], "excluded_lines": [], "executed_branches": [], "missing_branches": []}, "AuthenticationError": {"executed_lines": [35], "summary": {"covered_lines": 1, "num_statements": 1, "percent_covered": 100.0, "percent_covered_display": "100.00", "missing_lines": 0, "excluded_lines": 0, "num_branches": 0, "num_partial_branches": 0, "covered_branches": 0, "missing_branches": 0}, "missing_lines": [], "excluded_lines": [], "executed_branches": [], "missing_branches": []}, "AuthorizationError": {"executed_lines": [47], "summary": {"covered_lines": 1, "num_statements": 1, "percent_covered": 100.0, "percent_covered_display": "100.00", "missing_lines": 0, "excluded_lines": 0, "num_branches": 0, "num_partial_branches": 0, "covered_branches": 0, "missing_branches": 0}, "missing_lines": [], "excluded_lines": [], "executed_branches": [], "missing_branches": []}, "ValidationError": {"executed_lines": [58, 63], "summary": {"covered_lines": 2, "num_statements": 2, "percent_covered": 100.0, "percent_covered_display": "100.00", "missing_lines": 0, "excluded_lines": 0, "num_branches": 0, "num_partial_branches": 0, "covered_branches": 0, "missing_branches": 0}, "missing_lines": [], "excluded_lines": [], "executed_branches": [], "missing_branches": []}, "RateLimitError": {"executed_lines": [70], "summary": {"covered_lines": 1, "num_statements": 1, "percent_covered": 100.0, "percent_covered_display": "100.00", "missing_lines": 0, "excluded_lines": 0, "num_branches": 0, "num_partial_branches": 0, "covered_branches": 0, "missing_branches": 0}, "missing_lines": [], "excluded_lines": [], "executed_branches": [], "missing_branches": []}, "": {"executed_lines": [1, 3, 6, 7, 9, 20, 21, 23, 31, 32, 34, 43, 44, 46, 54, 55, 57, 66, 67, 69], "summary": {"covered_lines": 14, "num_statements": 14, "percent_covered": 100.0, "percent_covered_display": "100.00", "missing_lines": 0, "excluded_lines": 0, "num_branches": 0, "num_partial_branches": 0, "covered_branches": 0, "missing_branches": 0}, "missing_lines": [], "excluded_lines": [], "executed_branches": [], "missing_branches": []}}}, "nook/api/main.py": {"executed_lines": [1, 6, 7, 8, 10, 11, 12, 13, 14, 17, 20, 28, 31, 41, 42, 51, 52, 55, 56, 65, 72, 73, 82, 85, 86, 95], "summary": {"covered_lines": 25, "num_statements": 27, "percent_covered": 92.5925925925926, "percent_covered_display": "92.59", "missing_lines": 2, "excluded_lines": 0, "num_branches": 0, "num_partial_branches": 0, "covered_branches": 0, "missing_branches": 0}, "missing_lines": [43, 47], "excluded_lines": [], "executed_branches": [], "missing_branches": [], "functions": {"nook_exception_handler": {"executed_lines": [], "summary": {"covered_lines": 0, "num_statements": 2, "percent_covered": 0.0, "percent_covered_display": "0.00", "missing_lines": 2, "excluded_lines": 0, "num_branches": 0, "num_partial_branches": 0, "covered_branches": 0, "missing_branches": 0}, "missing_lines": [43, 47], "excluded_lines": [], "executed_branches": [], "missing_branches": []}, "root": {"executed_lines": [65], "summary": {"covered_lines": 1, "num_statements": 1, "percent_covered": 100.0, "percent_covered_display": "100.00", "missing_lines": 0, "excluded_lines": 0, "num_branches": 0, "num_partial_branches": 0, "covered_branches": 0, "missing_branches": 0}, "missing_lines": [], "excluded_lines": [], "executed_branches": [], "missing_branches": []}, "health": {"executed_lines": [82], "summary": {"covered_lines": 1, "num_statements": 1, "percent_covered": 100.0, "percent_covered_display": "100.00", "missing_lines": 0, "excluded_lines": 0, "num_branches": 0, "num_partial_branches": 0, "covered_branches": 0, "missing_branches": 0}, "missing_lines": [], "excluded_lines": [], "executed_branches": [], "missing_branches": []}, "get_error_stats": {"executed_lines": [95], "summary": {"covered_lines": 1, "num_statements": 1, "percent_covered": 100.0, "percent_covered_display": "100.00", "missing_lines": 0, "excluded_lines": 0, "num_branches": 0, "num_partial_branches": 0, "covered_branches": 0, "missing_branches": 0}, "missing_lines": [], "excluded_lines": [], "executed_branches": [], "missing_branches": []}, "": {"executed_lines": [1, 6, 7, 8, 10, 11, 12, 13, 14, 17, 20, 28, 31, 41, 42, 51, 52, 55, 56, 72, 73, 85, 86], "summary": {"covered_lines": 22, "num_statements": 22, "percent_covered": 100.0, "percent_covered_display": "100.00", "missing_lines": 0, "excluded_lines": 0, "num_branches": 0, "num_partial_branches": 0, "covered_branches": 0, "missing_branches": 0}, "missing_lines": [], "excluded_lines": [], "executed_branches": [], "missing_branches": []}}, "classes": {"": {"executed_lines": [1, 6, 7, 8, 10, 11, 12, 13, 14, 17, 20, 28, 31, 41, 42, 51, 52, 55, 56, 65, 72, 73, 82, 85, 86, 95], "summary": {"covered_lines": 25, "num_statements": 27, "percent_covered": 92.5925925925926, "percent_covered_display": "92.59", "missing_lines": 2, "excluded_lines": 0, "num_branches": 0, "num_partial_branches": 0, "covered_branches": 0, "missing_branches": 0}, "missing_lines": [43, 47], "excluded_lines": [], "executed_branches": [], "missing_branches": []}}}, "nook/api/middleware/error_handler.py": {"executed_lines": [1, 2, 3, 4, 6, 7, 8, 9, 11, 19, 22, 24, 25, 26, 31, 33, 36, 51, 52, 60, 61, 68, 69, 76, 77, 84, 85, 92, 93, 101, 102, 111, 119, 127, 137, 138, 140], "summary": {"covered_lines": 37, "num_statements": 39, "percent_covered": 96.36363636363636, "percent_covered_display": "96.36", "missing_lines": 2, "excluded_lines": 0, "num_branches": 16, "num_partial_branches": 0, "covered_branches": 16, "missing_branches": 0}, "missing_lines": [27, 28], "excluded_lines": [], "executed_branches": [[51, 52], [51, 60], [60, 61], [60, 68], [68, 69], [68, 76], [76, 77], [76, 84], [84, 85], [84, 92], [92, 93], [92, 101], [101, 102], [101, 111], [137, 138], [137, 140]], "missing_branches": [], "functions": {"error_handler_middleware": {"executed_lines": [24, 25, 26], "summary": {"covered_lines": 3, "num_statements": 5, "percent_covered": 60.0, "percent_covered_display": "60.00", "missing_lines": 2, "excluded_lines": 0, "num_branches": 0, "num_partial_branches": 0, "covered_branches": 0, "missing_branches": 0}, "missing_lines": [27, 28], "excluded_lines": [], "executed_branches": [], "missing_branches": []}, "handle_exception": {"executed_lines": [33, 36, 51, 52, 60, 61, 68, 69, 76, 77, 84, 85, 92, 93, 101, 102, 111], "summary": {"covered_lines": 17, "num_statements": 17, "percent_covered": 100.0, "percent_covered_display": "100.00", "missing_lines": 0, "excluded_lines": 0, "num_branches": 14, "num_partial_branches": 0, "covered_branches": 14, "missing_branches": 0}, "missing_lines": [], "excluded_lines": [], "executed_branches": [[51, 52], [51, 60], [60, 61], [60, 68], [68, 69], [68, 76], [76, 77], [76, 84], [84, 85], [84, 92], [92, 93], [92, 101], [101, 102], [101, 111]], "missing_branches": []}, "create_error_response": {"executed_lines": [127, 137, 138, 140], "summary": {"covered_lines": 4, "num_statements": 4, "percent_covered": 100.0, "percent_covered_display": "100.00", "missing_lines": 0, "excluded_lines": 0, "num_branches": 2, "num_partial_branches": 0, "covered_branches": 2, "missing_branches": 0}, "missing_lines": [], "excluded_lines": [], "executed_branches": [[137, 138], [137, 140]], "missing_branches": []}, "": {"executed_lines": [1, 2, 3, 4, 6, 7, 8, 9, 11, 19, 22, 31, 119], "summary": {"covered_lines": 13, "num_statements": 13, "percent_covered": 100.0, "percent_covered_display": "100.00", "missing_lines": 0, "excluded_lines": 0, "num_branches": 0, "num_partial_branches": 0, "covered_branches": 0, "missing_branches": 0}, "missing_lines": [], "excluded_lines": [], "executed_branches": [], "missing_branches": []}}, "classes": {"": {"executed_lines": [1, 2, 3, 4, 6, 7, 8, 9, 11, 19, 22, 24, 25, 26, 31, 33, 36, 51, 52, 60, 61, 68, 69, 76, 77, 84, 85, 92, 93, 101, 102, 111, 119, 127, 137, 138, 140], "summary": {"covered_lines": 37, "num_statements": 39, "percent_covered": 96.36363636363636, "percent_covered_display": "96.36", "missing_lines": 2, "excluded_lines": 0, "num_branches": 16, "num_partial_branches": 0, "covered_branches": 16, "missing_branches": 0}, "missing_lines": [27, 28], "excluded_lines": [], "executed_branches": [[51, 52], [51, 60], [60, 61], [60, 68], [68, 69], [68, 76], [76, 77], [76, 84], [84, 85], [84, 92], [92, 93], [92, 101], [101, 102], [101, 111], [137, 138], [137, 140]], "missing_branches": []}}}, "nook/api/models/errors.py": {"executed_lines": [1, 2, 4, 7, 8, 10, 11, 12, 15, 16, 18, 19, 20, 21, 24, 25, 29, 30], "summary": {"covered_lines": 16, "num_statements": 16, "percent_covered": 100.0, "percent_covered_display": "100.00", "missing_lines": 0, "excluded_lines": 0, "num_branches": 0, "num_partial_branches": 0, "covered_branches": 0, "missing_branches": 0}, "missing_lines": [], "excluded_lines": [], "executed_branches": [], "missing_branches": [], "functions": {"": {"executed_lines": [1, 2, 4, 7, 8, 10, 11, 12, 15, 16, 18, 19, 20, 21, 24, 25, 29, 30], "summary": {"covered_lines": 16, "num_statements": 16, "percent_covered": 100.0, "percent_covered_display": "100.00", "missing_lines": 0, "excluded_lines": 0, "num_branches": 0, "num_partial_branches": 0, "covered_branches": 0, "missing_branches": 0}, "missing_lines": [], "excluded_lines": [], "executed_branches": [], "missing_branches": []}}, "classes": {"ErrorDetail": {"executed_lines": [], "summary": {"covered_lines": 0, "num_statements": 0, "percent_covered": 100.0, "percent_covered_display": "100.00", "missing_lines": 0, "excluded_lines": 0, "num_branches": 0, "num_partial_branches": 0, "covered_branches": 0, "missing_branches": 0}, "missing_lines": [], "excluded_lines": [], "executed_branches": [], "missing_branches": []}, "ErrorResponse": {"executed_lines": [], "summary": {"covered_lines": 0, "num_statements": 0, "percent_covered": 100.0, "percent_covered_display": "100.00", "missing_lines": 0, "excluded_lines": 0, "num_branches": 0, "num_partial_branches": 0, "covered_branches": 0, "missing_branches": 0}, "missing_lines": [], "excluded_lines": [], "executed_branches": [], "missing_branches": []}, "ErrorResponse.Config": {"executed_lines": [], "summary": {"covered_lines": 0, "num_statements": 0, "percent_covered": 100.0, "percent_covered_display": "100.00", "missing_lines": 0, "excluded_lines": 0, "num_branches": 0, "num_partial_branches": 0, "covered_branches": 0, "missing_branches": 0}, "missing_lines": [], "excluded_lines": [], "executed_branches": [], "missing_branches": []}, "": {"executed_lines": [1, 2, 4, 7, 8, 10, 11, 12, 15, 16, 18, 19, 20, 21, 24, 25, 29, 30], "summary": {"covered_lines": 16, "num_statements": 16, "percent_covered": 100.0, "percent_covered_display": "100.00", "missing_lines": 0, "excluded_lines": 0, "num_branches": 0, "num_partial_branches": 0, "covered_branches": 0, "missing_branches": 0}, "missing_lines": [], "excluded_lines": [], "executed_branches": [], "missing_branches": []}}}, "nook/api/models/schemas.py": {"executed_lines": [1, 6, 9, 10, 19, 22, 23, 38, 39, 40, 41, 46, 47, 56, 59, 60, 71, 72], "summary": {"covered_lines": 13, "num_statements": 13, "percent_covered": 100.0, "percent_covered_display": "100.00", "missing_lines": 0, "excluded_lines": 0, "num_branches": 0, "num_partial_branches": 0, "covered_branches": 0, "missing_branches": 0}, "missing_lines": [], "excluded_lines": [], "executed_branches": [], "missing_branches": [], "functions": {"": {"executed_lines": [1, 6, 9, 10, 19, 22, 23, 38, 39, 40, 41, 46, 47, 56, 59, 60, 71, 72], "summary": {"covered_lines": 13, "num_statements": 13, "percent_covered": 100.0, "percent_covered_display": "100.00", "missing_lines": 0, "excluded_lines": 0, "num_branches": 0, "num_partial_branches": 0, "covered_branches": 0, "missing_branches": 0}, "missing_lines": [], "excluded_lines": [], "executed_branches": [], "missing_branches": []}}, "classes": {"ContentRequest": {"executed_lines": [], "summary": {"covered_lines": 0, "num_statements": 0, "percent_covered": 100.0, "percent_covered_display": "100.00", "missing_lines": 0, "excluded_lines": 0, "num_branches": 0, "num_partial_branches": 0, "covered_branches": 0, "missing_branches": 0}, "missing_lines": [], "excluded_lines": [], "executed_branches": [], "missing_branches": []}, "ContentItem": {"executed_lines": [], "summary": {"covered_lines": 0, "num_statements": 0, "percent_covered": 100.0, "percent_covered_display": "100.00", "missing_lines": 0, "excluded_lines": 0, "num_branches": 0, "num_partial_branches": 0, "covered_branches": 0, "missing_branches": 0}, "missing_lines": [], "excluded_lines": [], "executed_branches": [], "missing_branches": []}, "ContentResponse": {"executed_lines": [], "summary": {"covered_lines": 0, "num_statements": 0, "percent_covered": 100.0, "percent_covered_display": "100.00", "missing_lines": 0, "excluded_lines": 0, "num_branches": 0, "num_partial_branches": 0, "covered_branches": 0, "missing_branches": 0}, "missing_lines": [], "excluded_lines": [], "executed_branches": [], "missing_branches": []}, "WeatherResponse": {"executed_lines": [], "summary": {"covered_lines": 0, "num_statements": 0, "percent_covered": 100.0, "percent_covered_display": "100.00", "missing_lines": 0, "excluded_lines": 0, "num_branches": 0, "num_partial_branches": 0, "covered_branches": 0, "missing_branches": 0}, "missing_lines": [], "excluded_lines": [], "executed_branches": [], "missing_branches": []}, "": {"executed_lines": [1, 6, 9, 10, 19, 22, 23, 38, 39, 40, 41, 46, 47, 56, 59, 60, 71, 72], "summary": {"covered_lines": 13, "num_statements": 13, "percent_covered": 100.0, "percent_covered_display": "100.00", "missing_lines": 0, "excluded_lines": 0, "num_branches": 0, "num_partial_branches": 0, "covered_branches": 0, "missing_branches": 0}, "missing_lines": [], "excluded_lines": [], "executed_branches": [], "missing_branches": []}}}, "nook/api/routers/content.py": {"executed_lines": [1, 3, 5, 7, 8, 10, 11, 14, 26, 28, 31, 34, 35, 39, 42, 57, 58, 81, 82, 85, 86, 89, 90, 93, 94, 95, 96, 97, 98, 99, 103, 105, 108, 109, 112, 113, 114, 116, 119, 121, 122, 123, 130, 132, 142, 144, 146, 147, 150, 164, 165, 167, 168, 196, 197, 199, 202, 215, 216, 217, 220, 221, 222, 223, 229, 236, 237, 239, 242, 256, 269], "summary": {"covered_lines": 70, "num_statements": 92, "percent_covered": 71.62162162162163, "percent_covered_display": "71.62", "missing_lines": 22, "excluded_lines": 0, "num_branches": 56, "num_partial_branches": 6, "covered_branches": 36, "missing_branches": 20}, "missing_lines": [124, 125, 126, 127, 128, 170, 173, 175, 176, 177, 178, 179, 180, 181, 182, 184, 186, 200, 225, 226, 227, 230], "excluded_lines": [], "executed_branches": [[31, 34], [31, 39], [34, 35], [81, 82], [81, 85], [85, 86], [85, 93], [95, 96], [95, 103], [108, 109], [108, 164], [112, 113], [112, 142], [114, 116], [114, 215], [119, 121], [119, 215], [122, 123], [144, 146], [144, 215], [146, 147], [146, 150], [164, 165], [164, 215], [165, 167], [165, 196], [168, 164], [197, 164], [197, 199], [199, 202], [215, 216], [215, 239], [216, 217], [216, 220], [221, 222], [229, 236]], "missing_branches": [[34, 31], [122, 124], [124, 125], [124, 130], [126, 127], [126, 128], [168, 170], [173, 164], [173, 175], [176, 177], [176, 178], [178, 179], [178, 184], [180, 181], [180, 182], [199, 200], [221, 225], [225, 226], [225, 229], [229, 230]], "functions": {"convert_paper_summary_titles": {"executed_lines": [28, 31, 34, 35, 39], "summary": {"covered_lines": 5, "num_statements": 5, "percent_covered": 88.88888888888889, "percent_covered_display": "88.89", "missing_lines": 0, "excluded_lines": 0, "num_branches": 4, "num_partial_branches": 1, "covered_branches": 3, "missing_branches": 1}, "missing_lines": [], "excluded_lines": [], "executed_branches": [[31, 34], [31, 39], [34, 35]], "missing_branches": [[34, 31]]}, "get_content": {"executed_lines": [81, 82, 85, 86, 89, 90, 93, 94, 95, 96, 97, 98, 99, 103, 105, 108, 109, 112, 113, 114, 116, 119, 121, 122, 123, 130, 132, 142, 144, 146, 147, 150, 164, 165, 167, 168, 196, 197, 199, 202, 215, 216, 217, 220, 221, 222, 223, 229, 236, 237, 239], "summary": {"covered_lines": 51, "num_statements": 73, "percent_covered": 67.2, "percent_covered_display": "67.20", "missing_lines": 22, "excluded_lines": 0, "num_branches": 52, "num_partial_branches": 5, "covered_branches": 33, "missing_branches": 19}, "missing_lines": [124, 125, 126, 127, 128, 170, 173, 175, 176, 177, 178, 179, 180, 181, 182, 184, 186, 200, 225, 226, 227, 230], "excluded_lines": [], "executed_branches": [[81, 82], [81, 85], [85, 86], [85, 93], [95, 96], [95, 103], [108, 109], [108, 164], [112, 113], [112, 142], [114, 116], [114, 215], [119, 121], [119, 215], [122, 123], [144, 146], [144, 215], [146, 147], [146, 150], [164, 165], [164, 215], [165, 167], [165, 196], [168, 164], [197, 164], [197, 199], [199, 202], [215, 216], [215, 239], [216, 217], [216, 220], [221, 222], [229, 236]], "missing_branches": [[122, 124], [124, 125], [124, 130], [126, 127], [126, 128], [168, 170], [173, 164], [173, 175], [176, 177], [176, 178], [178, 179], [178, 184], [180, 181], [180, 182], [199, 200], [221, 225], [225, 226], [225, 229], [229, 230]]}, "_get_source_display_name": {"executed_lines": [256, 269], "summary": {"covered_lines": 2, "num_statements": 2, "percent_covered": 100.0, "percent_covered_display": "100.00", "missing_lines": 0, "excluded_lines": 0, "num_branches": 0, "num_partial_branches": 0, "covered_branches": 0, "missing_branches": 0}, "missing_lines": [], "excluded_lines": [], "executed_branches": [], "missing_branches": []}, "": {"executed_lines": [1, 3, 5, 7, 8, 10, 11, 14, 26, 42, 57, 58, 242], "summary": {"covered_lines": 12, "num_statements": 12, "percent_covered": 100.0, "percent_covered_display": "100.00", "missing_lines": 0, "excluded_lines": 0, "num_branches": 0, "num_partial_branches": 0, "covered_branches": 0, "missing_branches": 0}, "missing_lines": [], "excluded_lines": [], "executed_branches": [], "missing_branches": []}}, "classes": {"": {"executed_lines": [1, 3, 5, 7, 8, 10, 11, 14, 26, 28, 31, 34, 35, 39, 42, 57, 58, 81, 82, 85, 86, 89, 90, 93, 94, 95, 96, 97, 98, 99, 103, 105, 108, 109, 112, 113, 114, 116, 119, 121, 122, 123, 130, 132, 142, 144, 146, 147, 150, 164, 165, 167, 168, 196, 197, 199, 202, 215, 216, 217, 220, 221, 222, 223, 229, 236, 237, 239, 242, 256, 269], "summary": {"covered_lines": 70, "num_statements": 92, "percent_covered": 71.62162162162163, "percent_covered_display": "71.62", "missing_lines": 22, "excluded_lines": 0, "num_branches": 56, "num_partial_branches": 6, "covered_branches": 36, "missing_branches": 20}, "missing_lines": [124, 125, 126, 127, 128, 170, 173, 175, 176, 177, 178, 179, 180, 181, 182, 184, 186, 200, 225, 226, 227, 230], "excluded_lines": [], "executed_branches": [[31, 34], [31, 39], [34, 35], [81, 82], [81, 85], [85, 86], [85, 93], [95, 96], [95, 103], [108, 109], [108, 164], [112, 113], [112, 142], [114, 116], [114, 215], [119, 121], [119, 215], [122, 123], [144, 146], [144, 215], [146, 147], [146, 150], [164, 165], [164, 215], [165, 167], [165, 196], [168, 164], [197, 164], [197, 199], [199, 202], [215, 216], [215, 239], [216, 217], [216, 220], [221, 222], [229, 236]], "missing_branches": [[34, 31], [122, 124], [124, 125], [124, 130], [126, 127], [126, 128], [168, 170], [173, 164], [173, 175], [176, 177], [176, 178], [178, 179], [178, 184], [180, 181], [180, 182], [199, 200], [221, 225], [225, 226], [225, 229], [229, 230]]}}}, "nook/api/routers/weather.py": {"executed_lines": [1, 3, 5, 6, 7, 9, 12, 14, 17, 18, 32, 34, 35, 37, 40, 41, 43, 44, 45, 47, 49, 50, 52, 54, 55], "summary": {"covered_lines": 24, "num_statements": 24, "percent_covered": 100.0, "percent_covered_display": "100.00", "missing_lines": 0, "excluded_lines": 0, "num_branches": 4, "num_partial_branches": 0, "covered_branches": 4, "missing_branches": 0}, "missing_lines": [], "excluded_lines": [], "executed_branches": [[35, 37], [35, 40], [44, 45], [44, 47]], "missing_branches": [], "functions": {"get_weather_data": {"executed_lines": [32, 34, 35, 37, 40, 41, 43, 44, 45, 47, 49, 50, 52, 54, 55], "summary": {"covered_lines": 15, "num_statements": 15, "percent_covered": 100.0, "percent_covered_display": "100.00", "missing_lines": 0, "excluded_lines": 0, "num_branches": 4, "num_partial_branches": 0, "covered_branches": 4, "missing_branches": 0}, "missing_lines": [], "excluded_lines": [], "executed_branches": [[35, 37], [35, 40], [44, 45], [44, 47]], "missing_branches": []}, "": {"executed_lines": [1, 3, 5, 6, 7, 9, 12, 14, 17, 18], "summary": {"covered_lines": 9, "num_statements": 9, "percent_covered": 100.0, "percent_covered_display": "100.00", "missing_lines": 0, "excluded_lines": 0, "num_branches": 0, "num_partial_branches": 0, "covered_branches": 0, "missing_branches": 0}, "missing_lines": [], "excluded_lines": [], "executed_branches": [], "missing_branches": []}}, "classes": {"": {"executed_lines": [1, 3, 5, 6, 7, 9, 12, 14, 17, 18, 32, 34, 35, 37, 40, 41, 43, 44, 45, 47, 49, 50, 52, 54, 55], "summary": {"covered_lines": 24, "num_statements": 24, "percent_covered": 100.0, "percent_covered_display": "100.00", "missing_lines": 0, "excluded_lines": 0, "num_branches": 4, "num_partial_branches": 0, "covered_branches": 4, "missing_branches": 0}, "missing_lines": [], "excluded_lines": [], "executed_branches": [[35, 37], [35, 40], [44, 45], [44, 47]], "missing_branches": []}}}, "nook/api/run.py": {"executed_lines": [], "summary": {"covered_lines": 0, "num_statements": 12, "percent_covered": 0.0, "percent_covered_display": "0.00", "missing_lines": 12, "excluded_lines": 2, "num_branches": 0, "num_partial_branches": 0, "covered_branches": 0, "missing_branches": 0}, "missing_lines": [3, 5, 6, 9, 12, 17, 18, 24, 27, 31, 33, 35], "excluded_lines": [38, 39], "executed_branches": [], "missing_branches": [], "functions": {"main": {"executed_lines": [], "summary": {"covered_lines": 0, "num_statements": 7, "percent_covered": 0.0, "percent_covered_display": "0.00", "missing_lines": 7, "excluded_lines": 0, "num_branches": 0, "num_partial_branches": 0, "covered_branches": 0, "missing_branches": 0}, "missing_lines": [17, 18, 24, 27, 31, 33, 35], "excluded_lines": [], "executed_branches": [], "missing_branches": []}, "": {"executed_lines": [], "summary": {"covered_lines": 0, "num_statements": 5, "percent_covered": 0.0, "percent_covered_display": "0.00", "missing_lines": 5, "excluded_lines": 2, "num_branches": 0, "num_partial_branches": 0, "covered_branches": 0, "missing_branches": 0}, "missing_lines": [3, 5, 6, 9, 12], "excluded_lines": [38, 39], "executed_branches": [], "missing_branches": []}}, "classes": {"": {"executed_lines": [], "summary": {"covered_lines": 0, "num_statements": 12, "percent_covered": 0.0, "percent_covered_display": "0.00", "missing_lines": 12, "excluded_lines": 2, "num_branches": 0, "num_partial_branches": 0, "covered_branches": 0, "missing_branches": 0}, "missing_lines": [3, 5, 6, 9, 12, 17, 18, 24, 27, 31, 33, 35], "excluded_lines": [38, 39], "executed_branches": [], "missing_branches": []}}}, "nook/common/async_utils.py": {"executed_lines": [1, 2, 3, 4, 5, 6, 7, 9, 10, 13, 14, 16, 19, 20, 21, 22, 23, 26, 30, 31, 33, 34, 36, 38, 39, 40, 41, 42, 44, 46, 49, 55, 56, 57, 59, 60, 61, 64, 66, 67, 69, 71, 72, 75, 82, 84, 85, 87, 93, 97, 98, 100, 103, 104, 106, 107, 108, 109, 110, 111, 113, 115, 116, 117, 119, 120, 122, 124, 126, 127, 128, 129, 130, 131, 132, 133, 134, 136, 137, 138, 140, 142, 143, 144, 145, 146, 147, 149, 151, 152, 153, 154, 155, 157, 158, 160, 162, 164, 165, 166, 168, 170, 172], "summary": {"covered_lines": 101, "num_statements": 101, "percent_covered": 99.2, "percent_covered_display": "99.20", "missing_lines": 0, "excluded_lines": 0, "num_branches": 24, "num_partial_branches": 1, "covered_branches": 23, "missing_branches": 1}, "missing_lines": [], "excluded_lines": [], "executed_branches": [[30, 31], [30, 33], [33, 34], [33, 36], [39, 40], [39, 46], [40, 41], [40, 44], [66, 67], [66, 69], [116, 117], [116, 119], [137, 138], [143, 144], [143, 151], [144, 145], [144, 146], [146, 147], [146, 149], [157, 158], [157, 160], [164, 165], [164, 168]], "missing_branches": [[137, -124]], "functions": {"TaskResult.__init__": {"executed_lines": [19, 20, 21, 22, 23], "summary": {"covered_lines": 5, "num_statements": 5, "percent_covered": 100.0, "percent_covered_display": "100.00", "missing_lines": 0, "excluded_lines": 0, "num_branches": 0, "num_partial_branches": 0, "covered_branches": 0, "missing_branches": 0}, "missing_lines": [], "excluded_lines": [], "executed_branches": [], "missing_branches": []}, "gather_with_errors": {"executed_lines": [30, 31, 33, 34, 36, 38, 39, 40, 41, 42, 44, 46], "summary": {"covered_lines": 12, "num_statements": 12, "percent_covered": 100.0, "percent_covered_display": "100.00", "missing_lines": 0, "excluded_lines": 0, "num_branches": 8, "num_partial_branches": 0, "covered_branches": 8, "missing_branches": 0}, "missing_lines": [], "excluded_lines": [], "executed_branches": [[30, 31], [30, 33], [33, 34], [33, 36], [39, 40], [39, 46], [40, 41], [40, 44]], "missing_branches": []}, "run_with_semaphore": {"executed_lines": [55, 56, 57, 59, 71, 72], "summary": {"covered_lines": 6, "num_statements": 6, "percent_covered": 100.0, "percent_covered_display": "100.00", "missing_lines": 0, "excluded_lines": 0, "num_branches": 0, "num_partial_branches": 0, "covered_branches": 0, "missing_branches": 0}, "missing_lines": [], "excluded_lines": [], "executed_branches": [], "missing_branches": []}, "run_with_semaphore.run_with_limit": {"executed_lines": [60, 61, 64, 66, 67, 69], "summary": {"covered_lines": 6, "num_statements": 6, "percent_covered": 100.0, "percent_covered_display": "100.00", "missing_lines": 0, "excluded_lines": 0, "num_branches": 2, "num_partial_branches": 0, "covered_branches": 2, "missing_branches": 0}, "missing_lines": [], "excluded_lines": [], "executed_branches": [[66, 67], [66, 69]], "missing_branches": []}, "batch_process": {"executed_lines": [82, 84, 87], "summary": {"covered_lines": 3, "num_statements": 3, "percent_covered": 100.0, "percent_covered_display": "100.00", "missing_lines": 0, "excluded_lines": 0, "num_branches": 0, "num_partial_branches": 0, "covered_branches": 0, "missing_branches": 0}, "missing_lines": [], "excluded_lines": [], "executed_branches": [], "missing_branches": []}, "batch_process.process_batch": {"executed_lines": [85], "summary": {"covered_lines": 1, "num_statements": 1, "percent_covered": 100.0, "percent_covered_display": "100.00", "missing_lines": 0, "excluded_lines": 0, "num_branches": 0, "num_partial_branches": 0, "covered_branches": 0, "missing_branches": 0}, "missing_lines": [], "excluded_lines": [], "executed_branches": [], "missing_branches": []}, "run_sync_in_thread": {"executed_lines": [97, 98, 100], "summary": {"covered_lines": 3, "num_statements": 3, "percent_covered": 100.0, "percent_covered_display": "100.00", "missing_lines": 0, "excluded_lines": 0, "num_branches": 0, "num_partial_branches": 0, "covered_branches": 0, "missing_branches": 0}, "missing_lines": [], "excluded_lines": [], "executed_branches": [], "missing_branches": []}, "AsyncTaskManager.__init__": {"executed_lines": [107, 108, 109, 110, 111], "summary": {"covered_lines": 5, "num_statements": 5, "percent_covered": 100.0, "percent_covered_display": "100.00", "missing_lines": 0, "excluded_lines": 0, "num_branches": 0, "num_partial_branches": 0, "covered_branches": 0, "missing_branches": 0}, "missing_lines": [], "excluded_lines": [], "executed_branches": [], "missing_branches": []}, "AsyncTaskManager.submit": {"executed_lines": [115, 116, 117, 119, 120, 122], "summary": {"covered_lines": 6, "num_statements": 6, "percent_covered": 100.0, "percent_covered_display": "100.00", "missing_lines": 0, "excluded_lines": 0, "num_branches": 2, "num_partial_branches": 0, "covered_branches": 2, "missing_branches": 0}, "missing_lines": [], "excluded_lines": [], "executed_branches": [[116, 117], [116, 119]], "missing_branches": []}, "AsyncTaskManager._run_task": {"executed_lines": [126, 127, 128, 129, 130, 131, 132, 133, 134, 136, 137, 138], "summary": {"covered_lines": 12, "num_statements": 12, "percent_covered": 92.85714285714286, "percent_covered_display": "92.86", "missing_lines": 0, "excluded_lines": 0, "num_branches": 2, "num_partial_branches": 1, "covered_branches": 1, "missing_branches": 1}, "missing_lines": [], "excluded_lines": [], "executed_branches": [[137, 138]], "missing_branches": [[137, -124]]}, "AsyncTaskManager.wait_for": {"executed_lines": [142, 143, 144, 145, 146, 147, 149, 151, 152, 153, 154, 155, 157, 158, 160], "summary": {"covered_lines": 15, "num_statements": 15, "percent_covered": 100.0, "percent_covered_display": "100.00", "missing_lines": 0, "excluded_lines": 0, "num_branches": 8, "num_partial_branches": 0, "covered_branches": 8, "missing_branches": 0}, "missing_lines": [], "excluded_lines": [], "executed_branches": [[143, 144], [143, 151], [144, 145], [144, 146], [146, 147], [146, 149], [157, 158], [157, 160]], "missing_branches": []}, "AsyncTaskManager.wait_all": {"executed_lines": [164, 165, 166, 168], "summary": {"covered_lines": 4, "num_statements": 4, "percent_covered": 100.0, "percent_covered_display": "100.00", "missing_lines": 0, "excluded_lines": 0, "num_branches": 2, "num_partial_branches": 0, "covered_branches": 2, "missing_branches": 0}, "missing_lines": [], "excluded_lines": [], "executed_branches": [[164, 165], [164, 168]], "missing_branches": []}, "AsyncTaskManager.get_status": {"executed_lines": [172], "summary": {"covered_lines": 1, "num_statements": 1, "percent_covered": 100.0, "percent_covered_display": "100.00", "missing_lines": 0, "excluded_lines": 0, "num_branches": 0, "num_partial_branches": 0, "covered_branches": 0, "missing_branches": 0}, "missing_lines": [], "excluded_lines": [], "executed_branches": [], "missing_branches": []}, "": {"executed_lines": [1, 2, 3, 4, 5, 6, 7, 9, 10, 13, 14, 16, 26, 49, 75, 93, 103, 104, 106, 113, 124, 140, 162, 170], "summary": {"covered_lines": 22, "num_statements": 22, "percent_covered": 100.0, "percent_covered_display": "100.00", "missing_lines": 0, "excluded_lines": 0, "num_branches": 0, "num_partial_branches": 0, "covered_branches": 0, "missing_branches": 0}, "missing_lines": [], "excluded_lines": [], "executed_branches": [], "missing_branches": []}}, "classes": {"TaskResult": {"executed_lines": [19, 20, 21, 22, 23], "summary": {"covered_lines": 5, "num_statements": 5, "percent_covered": 100.0, "percent_covered_display": "100.00", "missing_lines": 0, "excluded_lines": 0, "num_branches": 0, "num_partial_branches": 0, "covered_branches": 0, "missing_branches": 0}, "missing_lines": [], "excluded_lines": [], "executed_branches": [], "missing_branches": []}, "AsyncTaskManager": {"executed_lines": [107, 108, 109, 110, 111, 115, 116, 117, 119, 120, 122, 126, 127, 128, 129, 130, 131, 132, 133, 134, 136, 137, 138, 142, 143, 144, 145, 146, 147, 149, 151, 152, 153, 154, 155, 157, 158, 160, 164, 165, 166, 168, 172], "summary": {"covered_lines": 43, "num_statements": 43, "percent_covered": 98.24561403508773, "percent_covered_display": "98.25", "missing_lines": 0, "excluded_lines": 0, "num_branches": 14, "num_partial_branches": 1, "covered_branches": 13, "missing_branches": 1}, "missing_lines": [], "excluded_lines": [], "executed_branches": [[116, 117], [116, 119], [137, 138], [143, 144], [143, 151], [144, 145], [144, 146], [146, 147], [146, 149], [157, 158], [157, 160], [164, 165], [164, 168]], "missing_branches": [[137, -124]]}, "": {"executed_lines": [1, 2, 3, 4, 5, 6, 7, 9, 10, 13, 14, 16, 26, 30, 31, 33, 34, 36, 38, 39, 40, 41, 42, 44, 46, 49, 55, 56, 57, 59, 60, 61, 64, 66, 67, 69, 71, 72, 75, 82, 84, 85, 87, 93, 97, 98, 100, 103, 104, 106, 113, 124, 140, 162, 170], "summary": {"covered_lines": 53, "num_statements": 53, "percent_covered": 100.0, "percent_covered_display": "100.00", "missing_lines": 0, "excluded_lines": 0, "num_branches": 10, "num_partial_branches": 0, "covered_branches": 10, "missing_branches": 0}, "missing_lines": [], "excluded_lines": [], "executed_branches": [[30, 31], [30, 33], [33, 34], [33, 36], [39, 40], [39, 46], [40, 41], [40, 44], [66, 67], [66, 69]], "missing_branches": []}}}, "nook/common/base_service.py": {"executed_lines": [1, 2, 3, 4, 6, 7, 8, 9, 10, 13, 14, 16, 17, 18, 19, 20, 21, 22, 23, 25, 26, 30, 32, 33, 34, 35, 36, 37, 39, 41, 42, 44, 45, 48, 50, 52, 54, 56, 58, 60, 61, 63, 65, 67, 68, 70, 73, 74, 75, 76, 77, 78, 79, 81, 84, 86, 88, 89, 91, 92, 94, 98, 100, 104], "summary": {"covered_lines": 60, "num_statements": 60, "percent_covered": 100.0, "percent_covered_display": "100.00", "missing_lines": 0, "excluded_lines": 5, "num_branches": 8, "num_partial_branches": 0, "covered_branches": 8, "missing_branches": 0}, "missing_lines": [], "excluded_lines": [25, 26, 27, 28, 48], "executed_branches": [[74, 75], [74, 84], [75, 76], [75, 81], [78, 75], [78, 79], [88, -86], [88, 89]], "missing_branches": [], "functions": {"BaseService.__init__": {"executed_lines": [17, 18, 19, 20, 21, 22, 23], "summary": {"covered_lines": 7, "num_statements": 7, "percent_covered": 100.0, "percent_covered_display": "100.00", "missing_lines": 0, "excluded_lines": 0, "num_branches": 0, "num_partial_branches": 0, "covered_branches": 0, "missing_branches": 0}, "missing_lines": [], "excluded_lines": [], "executed_branches": [], "missing_branches": []}, "BaseService.collect": {"executed_lines": [], "summary": {"covered_lines": 0, "num_statements": 0, "percent_covered": 100.0, "percent_covered_display": "100.00", "missing_lines": 0, "excluded_lines": 2, "num_branches": 0, "num_partial_branches": 0, "covered_branches": 0, "missing_branches": 0}, "missing_lines": [], "excluded_lines": [27, 28], "executed_branches": [], "missing_branches": []}, "BaseService.save_data": {"executed_lines": [32, 33, 34, 35, 36, 37], "summary": {"covered_lines": 6, "num_statements": 6, "percent_covered": 100.0, "percent_covered_display": "100.00", "missing_lines": 0, "excluded_lines": 0, "num_branches": 0, "num_partial_branches": 0, "covered_branches": 0, "missing_branches": 0}, "missing_lines": [], "excluded_lines": [], "executed_branches": [], "missing_branches": []}, "BaseService.save_markdown": {"executed_lines": [41, 42], "summary": {"covered_lines": 2, "num_statements": 2, "percent_covered": 100.0, "percent_covered_display": "100.00", "missing_lines": 0, "excluded_lines": 0, "num_branches": 0, "num_partial_branches": 0, "covered_branches": 0, "missing_branches": 0}, "missing_lines": [], "excluded_lines": [], "executed_branches": [], "missing_branches": []}, "BaseService.fetch_with_retry": {"executed_lines": [48], "summary": {"covered_lines": 0, "num_statements": 0, "percent_covered": 100.0, "percent_covered_display": "100.00", "missing_lines": 0, "excluded_lines": 1, "num_branches": 0, "num_partial_branches": 0, "covered_branches": 0, "missing_branches": 0}, "missing_lines": [], "excluded_lines": [48], "executed_branches": [], "missing_branches": []}, "BaseService.rate_limit": {"executed_lines": [52], "summary": {"covered_lines": 1, "num_statements": 1, "percent_covered": 100.0, "percent_covered_display": "100.00", "missing_lines": 0, "excluded_lines": 0, "num_branches": 0, "num_partial_branches": 0, "covered_branches": 0, "missing_branches": 0}, "missing_lines": [], "excluded_lines": [], "executed_branches": [], "missing_branches": []}, "BaseService.get_config_path": {"executed_lines": [56], "summary": {"covered_lines": 1, "num_statements": 1, "percent_covered": 100.0, "percent_covered_display": "100.00", "missing_lines": 0, "excluded_lines": 0, "num_branches": 0, "num_partial_branches": 0, "covered_branches": 0, "missing_branches": 0}, "missing_lines": [], "excluded_lines": [], "executed_branches": [], "missing_branches": []}, "BaseService.save_json": {"executed_lines": [60, 61], "summary": {"covered_lines": 2, "num_statements": 2, "percent_covered": 100.0, "percent_covered_display": "100.00", "missing_lines": 0, "excluded_lines": 0, "num_branches": 0, "num_partial_branches": 0, "covered_branches": 0, "missing_branches": 0}, "missing_lines": [], "excluded_lines": [], "executed_branches": [], "missing_branches": []}, "BaseService.load_json": {"executed_lines": [65, 67, 68], "summary": {"covered_lines": 3, "num_statements": 3, "percent_covered": 100.0, "percent_covered_display": "100.00", "missing_lines": 0, "excluded_lines": 0, "num_branches": 0, "num_partial_branches": 0, "covered_branches": 0, "missing_branches": 0}, "missing_lines": [], "excluded_lines": [], "executed_branches": [], "missing_branches": []}, "BaseService.save_with_backup": {"executed_lines": [73, 74, 75, 76, 77, 78, 79, 81, 84], "summary": {"covered_lines": 9, "num_statements": 9, "percent_covered": 100.0, "percent_covered_display": "100.00", "missing_lines": 0, "excluded_lines": 0, "num_branches": 6, "num_partial_branches": 0, "covered_branches": 6, "missing_branches": 0}, "missing_lines": [], "excluded_lines": [], "executed_branches": [[74, 75], [74, 84], [75, 76], [75, 81], [78, 75], [78, 79]], "missing_branches": []}, "BaseService.setup_http_client": {"executed_lines": [88, 89, 91, 92], "summary": {"covered_lines": 4, "num_statements": 4, "percent_covered": 100.0, "percent_covered_display": "100.00", "missing_lines": 0, "excluded_lines": 0, "num_branches": 2, "num_partial_branches": 0, "covered_branches": 2, "missing_branches": 0}, "missing_lines": [], "excluded_lines": [], "executed_branches": [[88, -86], [88, 89]], "missing_branches": []}, "BaseService.cleanup": {"executed_lines": [98], "summary": {"covered_lines": 1, "num_statements": 1, "percent_covered": 100.0, "percent_covered_display": "100.00", "missing_lines": 0, "excluded_lines": 0, "num_branches": 0, "num_partial_branches": 0, "covered_branches": 0, "missing_branches": 0}, "missing_lines": [], "excluded_lines": [], "executed_branches": [], "missing_branches": []}, "BaseService.initialize": {"executed_lines": [104], "summary": {"covered_lines": 1, "num_statements": 1, "percent_covered": 100.0, "percent_covered_display": "100.00", "missing_lines": 0, "excluded_lines": 0, "num_branches": 0, "num_partial_branches": 0, "covered_branches": 0, "missing_branches": 0}, "missing_lines": [], "excluded_lines": [], "executed_branches": [], "missing_branches": []}, "": {"executed_lines": [1, 2, 3, 4, 6, 7, 8, 9, 10, 13, 14, 16, 25, 26, 30, 39, 44, 45, 50, 54, 58, 63, 70, 86, 94, 100], "summary": {"covered_lines": 23, "num_statements": 23, "percent_covered": 100.0, "percent_covered_display": "100.00", "missing_lines": 0, "excluded_lines": 2, "num_branches": 0, "num_partial_branches": 0, "covered_branches": 0, "missing_branches": 0}, "missing_lines": [], "excluded_lines": [25, 26], "executed_branches": [], "missing_branches": []}}, "classes": {"BaseService": {"executed_lines": [17, 18, 19, 20, 21, 22, 23, 32, 33, 34, 35, 36, 37, 41, 42, 48, 52, 56, 60, 61, 65, 67, 68, 73, 74, 75, 76, 77, 78, 79, 81, 84, 88, 89, 91, 92, 98, 104], "summary": {"covered_lines": 37, "num_statements": 37, "percent_covered": 100.0, "percent_covered_display": "100.00", "missing_lines": 0, "excluded_lines": 3, "num_branches": 8, "num_partial_branches": 0, "covered_branches": 8, "missing_branches": 0}, "missing_lines": [], "excluded_lines": [27, 28, 48], "executed_branches": [[74, 75], [74, 84], [75, 76], [75, 81], [78, 75], [78, 79], [88, -86], [88, 89]], "missing_branches": []}, "": {"executed_lines": [1, 2, 3, 4, 6, 7, 8, 9, 10, 13, 14, 16, 25, 26, 30, 39, 44, 45, 50, 54, 58, 63, 70, 86, 94, 100], "summary": {"covered_lines": 23, "num_statements": 23, "percent_covered": 100.0, "percent_covered_display": "100.00", "missing_lines": 0, "excluded_lines": 2, "num_branches": 0, "num_partial_branches": 0, "covered_branches": 0, "missing_branches": 0}, "missing_lines": [], "excluded_lines": [25, 26], "executed_branches": [], "missing_branches": []}}}, "nook/common/config.py": {"executed_lines": [1, 2, 5, 6, 9, 10, 11, 14, 15, 20, 21, 22, 25, 27, 28, 29, 30, 31, 34, 35, 37, 40, 41, 43, 44], "summary": {"covered_lines": 22, "num_statements": 22, "percent_covered": 100.0, "percent_covered_display": "100.00", "missing_lines": 0, "excluded_lines": 0, "num_branches": 0, "num_partial_branches": 0, "covered_branches": 0, "missing_branches": 0}, "missing_lines": [], "excluded_lines": [], "executed_branches": [], "missing_branches": [], "functions": {"": {"executed_lines": [1, 2, 5, 6, 9, 10, 11, 14, 15, 20, 21, 22, 25, 27, 28, 29, 30, 31, 34, 35, 37, 40, 41, 43, 44], "summary": {"covered_lines": 22, "num_statements": 22, "percent_covered": 100.0, "percent_covered_display": "100.00", "missing_lines": 0, "excluded_lines": 0, "num_branches": 0, "num_partial_branches": 0, "covered_branches": 0, "missing_branches": 0}, "missing_lines": [], "excluded_lines": [], "executed_branches": [], "missing_branches": []}}, "classes": {"BaseConfig": {"executed_lines": [], "summary": {"covered_lines": 0, "num_statements": 0, "percent_covered": 100.0, "percent_covered_display": "100.00", "missing_lines": 0, "excluded_lines": 0, "num_branches": 0, "num_partial_branches": 0, "covered_branches": 0, "missing_branches": 0}, "missing_lines": [], "excluded_lines": [], "executed_branches": [], "missing_branches": []}, "BaseConfig.Config": {"executed_lines": [], "summary": {"covered_lines": 0, "num_statements": 0, "percent_covered": 100.0, "percent_covered_display": "100.00", "missing_lines": 0, "excluded_lines": 0, "num_branches": 0, "num_partial_branches": 0, "covered_branches": 0, "missing_branches": 0}, "missing_lines": [], "excluded_lines": [], "executed_branches": [], "missing_branches": []}, "RedditConfig": {"executed_lines": [], "summary": {"covered_lines": 0, "num_statements": 0, "percent_covered": 100.0, "percent_covered_display": "100.00", "missing_lines": 0, "excluded_lines": 0, "num_branches": 0, "num_partial_branches": 0, "covered_branches": 0, "missing_branches": 0}, "missing_lines": [], "excluded_lines": [], "executed_branches": [], "missing_branches": []}, "ServiceConfig": {"executed_lines": [], "summary": {"covered_lines": 0, "num_statements": 0, "percent_covered": 100.0, "percent_covered_display": "100.00", "missing_lines": 0, "excluded_lines": 0, "num_branches": 0, "num_partial_branches": 0, "covered_branches": 0, "missing_branches": 0}, "missing_lines": [], "excluded_lines": [], "executed_branches": [], "missing_branches": []}, "": {"executed_lines": [1, 2, 5, 6, 9, 10, 11, 14, 15, 20, 21, 22, 25, 27, 28, 29, 30, 31, 34, 35, 37, 40, 41, 43, 44], "summary": {"covered_lines": 22, "num_statements": 22, "percent_covered": 100.0, "percent_covered_display": "100.00", "missing_lines": 0, "excluded_lines": 0, "num_branches": 0, "num_partial_branches": 0, "covered_branches": 0, "missing_branches": 0}, "missing_lines": [], "excluded_lines": [], "executed_branches": [], "missing_branches": []}}}, "nook/common/daily_merge.py": {"executed_lines": [1, 3, 5, 6, 7, 9, 12, 44, 47, 48, 51, 52, 54, 56, 57, 59, 60, 62, 65, 76, 78, 80, 81, 82, 92, 93, 94, 96], "summary": {"covered_lines": 27, "num_statements": 27, "percent_covered": 100.0, "percent_covered_display": "100.00", "missing_lines": 0, "excluded_lines": 0, "num_branches": 14, "num_partial_branches": 0, "covered_branches": 14, "missing_branches": 0}, "missing_lines": [], "excluded_lines": [], "executed_branches": [[47, 48], [47, 51], [51, 52], [51, 54], [56, 57], [56, 59], [59, 60], [59, 62], [80, 81], [80, 92], [92, 93], [92, 96], [93, 92], [93, 94]], "missing_branches": [], "functions": {"merge_records": {"executed_lines": [44, 47, 48, 51, 52, 54, 56, 57, 59, 60, 62], "summary": {"covered_lines": 11, "num_statements": 11, "percent_covered": 100.0, "percent_covered_display": "100.00", "missing_lines": 0, "excluded_lines": 0, "num_branches": 8, "num_partial_branches": 0, "covered_branches": 8, "missing_branches": 0}, "missing_lines": [], "excluded_lines": [], "executed_branches": [[47, 48], [47, 51], [51, 52], [51, 54], [56, 57], [56, 59], [59, 60], [59, 62]], "missing_branches": []}, "merge_grouped_records": {"executed_lines": [76, 78, 80, 81, 82, 92, 93, 94, 96], "summary": {"covered_lines": 9, "num_statements": 9, "percent_covered": 100.0, "percent_covered_display": "100.00", "missing_lines": 0, "excluded_lines": 0, "num_branches": 6, "num_partial_branches": 0, "covered_branches": 6, "missing_branches": 0}, "missing_lines": [], "excluded_lines": [], "executed_branches": [[80, 81], [80, 92], [92, 93], [92, 96], [93, 92], [93, 94]], "missing_branches": []}, "": {"executed_lines": [1, 3, 5, 6, 7, 9, 12, 65], "summary": {"covered_lines": 7, "num_statements": 7, "percent_covered": 100.0, "percent_covered_display": "100.00", "missing_lines": 0, "excluded_lines": 0, "num_branches": 0, "num_partial_branches": 0, "covered_branches": 0, "missing_branches": 0}, "missing_lines": [], "excluded_lines": [], "executed_branches": [], "missing_branches": []}}, "classes": {"": {"executed_lines": [1, 3, 5, 6, 7, 9, 12, 44, 47, 48, 51, 52, 54, 56, 57, 59, 60, 62, 65, 76, 78, 80, 81, 82, 92, 93, 94, 96], "summary": {"covered_lines": 27, "num_statements": 27, "percent_covered": 100.0, "percent_covered_display": "100.00", "missing_lines": 0, "excluded_lines": 0, "num_branches": 14, "num_partial_branches": 0, "covered_branches": 14, "missing_branches": 0}, "missing_lines": [], "excluded_lines": [], "executed_branches": [[47, 48], [47, 51], [51, 52], [51, 54], [56, 57], [56, 59], [59, 60], [59, 62], [80, 81], [80, 92], [92, 93], [92, 96], [93, 92], [93, 94]], "missing_branches": []}}}, "nook/common/daily_snapshot.py": {"executed_lines": [1, 3, 5, 6, 7, 8, 9, 11, 12, 14, 17, 20, 21, 22, 24, 25, 26, 27, 28, 29, 30, 32, 35, 40, 42, 43, 44, 45, 47, 50, 72, 74, 75, 76, 78, 79, 80, 82, 84, 93, 94, 96, 97, 98, 100, 102], "summary": {"covered_lines": 45, "num_statements": 45, "percent_covered": 100.0, "percent_covered_display": "100.00", "missing_lines": 0, "excluded_lines": 0, "num_branches": 10, "num_partial_branches": 0, "covered_branches": 10, "missing_branches": 0}, "missing_lines": [], "excluded_lines": [], "executed_branches": [[20, 21], [20, 24], [24, 25], [24, 32], [42, 43], [42, 47], [74, 75], [74, 102], [78, 79], [78, 82]], "missing_branches": [], "functions": {"_parse_record_date": {"executed_lines": [20, 21, 22, 24, 25, 26, 27, 28, 29, 30, 32], "summary": {"covered_lines": 11, "num_statements": 11, "percent_covered": 100.0, "percent_covered_display": "100.00", "missing_lines": 0, "excluded_lines": 0, "num_branches": 4, "num_partial_branches": 0, "covered_branches": 4, "missing_branches": 0}, "missing_lines": [], "excluded_lines": [], "executed_branches": [[20, 21], [20, 24], [24, 25], [24, 32]], "missing_branches": []}, "group_records_by_date": {"executed_lines": [40, 42, 43, 44, 45, 47], "summary": {"covered_lines": 6, "num_statements": 6, "percent_covered": 100.0, "percent_covered_display": "100.00", "missing_lines": 0, "excluded_lines": 0, "num_branches": 2, "num_partial_branches": 0, "covered_branches": 2, "missing_branches": 0}, "missing_lines": [], "excluded_lines": [], "executed_branches": [[42, 43], [42, 47]], "missing_branches": []}, "store_daily_snapshots": {"executed_lines": [72, 74, 75, 76, 78, 79, 80, 82, 84, 93, 94, 96, 97, 98, 100, 102], "summary": {"covered_lines": 16, "num_statements": 16, "percent_covered": 100.0, "percent_covered_display": "100.00", "missing_lines": 0, "excluded_lines": 0, "num_branches": 4, "num_partial_branches": 0, "covered_branches": 4, "missing_branches": 0}, "missing_lines": [], "excluded_lines": [], "executed_branches": [[74, 75], [74, 102], [78, 79], [78, 82]], "missing_branches": []}, "": {"executed_lines": [1, 3, 5, 6, 7, 8, 9, 11, 12, 14, 17, 35, 50], "summary": {"covered_lines": 12, "num_statements": 12, "percent_covered": 100.0, "percent_covered_display": "100.00", "missing_lines": 0, "excluded_lines": 0, "num_branches": 0, "num_partial_branches": 0, "covered_branches": 0, "missing_branches": 0}, "missing_lines": [], "excluded_lines": [], "executed_branches": [], "missing_branches": []}}, "classes": {"": {"executed_lines": [1, 3, 5, 6, 7, 8, 9, 11, 12, 14, 17, 20, 21, 22, 24, 25, 26, 27, 28, 29, 30, 32, 35, 40, 42, 43, 44, 45, 47, 50, 72, 74, 75, 76, 78, 79, 80, 82, 84, 93, 94, 96, 97, 98, 100, 102], "summary": {"covered_lines": 45, "num_statements": 45, "percent_covered": 100.0, "percent_covered_display": "100.00", "missing_lines": 0, "excluded_lines": 0, "num_branches": 10, "num_partial_branches": 0, "covered_branches": 10, "missing_branches": 0}, "missing_lines": [], "excluded_lines": [], "executed_branches": [[20, 21], [20, 24], [24, 25], [24, 32], [42, 43], [42, 47], [74, 75], [74, 102], [78, 79], [78, 82]], "missing_branches": []}}}, "nook/common/date_utils.py": {"executed_lines": [1, 3, 5, 6, 9, 12, 15, 29, 30, 32, 35, 40, 43, 46, 47, 49, 50, 51, 54, 57, 58, 59, 61, 62, 63, 65], "summary": {"covered_lines": 25, "num_statements": 25, "percent_covered": 100.0, "percent_covered_display": "100.00", "missing_lines": 0, "excluded_lines": 0, "num_branches": 6, "num_partial_branches": 0, "covered_branches": 6, "missing_branches": 0}, "missing_lines": [], "excluded_lines": [], "executed_branches": [[46, 47], [46, 49], [58, 59], [58, 61], [62, 63], [62, 65]], "missing_branches": [], "functions": {"_local_timezone": {"executed_lines": [12], "summary": {"covered_lines": 1, "num_statements": 1, "percent_covered": 100.0, "percent_covered_display": "100.00", "missing_lines": 0, "excluded_lines": 0, "num_branches": 0, "num_partial_branches": 0, "covered_branches": 0, "missing_branches": 0}, "missing_lines": [], "excluded_lines": [], "executed_branches": [], "missing_branches": []}, "compute_target_dates": {"executed_lines": [29, 30, 32], "summary": {"covered_lines": 3, "num_statements": 3, "percent_covered": 100.0, "percent_covered_display": "100.00", "missing_lines": 0, "excluded_lines": 0, "num_branches": 0, "num_partial_branches": 0, "covered_branches": 0, "missing_branches": 0}, "missing_lines": [], "excluded_lines": [], "executed_branches": [], "missing_branches": []}, "target_dates_set": {"executed_lines": [40], "summary": {"covered_lines": 1, "num_statements": 1, "percent_covered": 100.0, "percent_covered_display": "100.00", "missing_lines": 0, "excluded_lines": 0, "num_branches": 0, "num_partial_branches": 0, "covered_branches": 0, "missing_branches": 0}, "missing_lines": [], "excluded_lines": [], "executed_branches": [], "missing_branches": []}, "normalize_datetime_to_local": {"executed_lines": [46, 47, 49, 50, 51], "summary": {"covered_lines": 5, "num_statements": 5, "percent_covered": 100.0, "percent_covered_display": "100.00", "missing_lines": 0, "excluded_lines": 0, "num_branches": 2, "num_partial_branches": 0, "covered_branches": 2, "missing_branches": 0}, "missing_lines": [], "excluded_lines": [], "executed_branches": [[46, 47], [46, 49]], "missing_branches": []}, "is_within_target_dates": {"executed_lines": [57, 58, 59, 61, 62, 63, 65], "summary": {"covered_lines": 7, "num_statements": 7, "percent_covered": 100.0, "percent_covered_display": "100.00", "missing_lines": 0, "excluded_lines": 0, "num_branches": 4, "num_partial_branches": 0, "covered_branches": 4, "missing_branches": 0}, "missing_lines": [], "excluded_lines": [], "executed_branches": [[58, 59], [58, 61], [62, 63], [62, 65]], "missing_branches": []}, "": {"executed_lines": [1, 3, 5, 6, 9, 15, 35, 43, 54], "summary": {"covered_lines": 8, "num_statements": 8, "percent_covered": 100.0, "percent_covered_display": "100.00", "missing_lines": 0, "excluded_lines": 0, "num_branches": 0, "num_partial_branches": 0, "covered_branches": 0, "missing_branches": 0}, "missing_lines": [], "excluded_lines": [], "executed_branches": [], "missing_branches": []}}, "classes": {"": {"executed_lines": [1, 3, 5, 6, 9, 12, 15, 29, 30, 32, 35, 40, 43, 46, 47, 49, 50, 51, 54, 57, 58, 59, 61, 62, 63, 65], "summary": {"covered_lines": 25, "num_statements": 25, "percent_covered": 100.0, "percent_covered_display": "100.00", "missing_lines": 0, "excluded_lines": 0, "num_branches": 6, "num_partial_branches": 0, "covered_branches": 6, "missing_branches": 0}, "missing_lines": [], "excluded_lines": [], "executed_branches": [[46, 47], [46, 49], [58, 59], [58, 61], [62, 63], [62, 65]], "missing_branches": []}}}, "nook/common/decorators.py": {"executed_lines": [1, 2, 3, 4, 5, 6, 8, 10, 13, 16, 17, 18, 19, 20, 22, 23, 24, 25, 26, 29, 31, 32, 33, 35, 46, 47, 49, 52, 58, 59, 60, 61, 63, 64, 65, 66, 67, 70, 72, 73, 74, 76, 80, 81, 83, 86, 93, 94, 96, 98, 101, 104, 105, 106, 107, 109, 110, 111, 113, 117, 119, 120, 121, 128, 130, 131, 134], "summary": {"covered_lines": 67, "num_statements": 69, "percent_covered": 95.29411764705883, "percent_covered_display": "95.29", "missing_lines": 2, "excluded_lines": 0, "num_branches": 16, "num_partial_branches": 2, "covered_branches": 14, "missing_branches": 2}, "missing_lines": [56, 90], "excluded_lines": [], "executed_branches": [[22, 23], [25, 26], [25, 29], [46, 47], [46, 49], [63, 64], [66, 67], [66, 70], [80, 81], [80, 83], [93, 94], [93, 96], [130, 131], [130, 134]], "missing_branches": [[22, 56], [63, 90]], "functions": {"handle_errors": {"executed_lines": [16, 17, 98], "summary": {"covered_lines": 3, "num_statements": 3, "percent_covered": 100.0, "percent_covered_display": "100.00", "missing_lines": 0, "excluded_lines": 0, "num_branches": 0, "num_partial_branches": 0, "covered_branches": 0, "missing_branches": 0}, "missing_lines": [], "excluded_lines": [], "executed_branches": [], "missing_branches": []}, "handle_errors.decorator": {"executed_lines": [18, 58, 59, 93, 94, 96], "summary": {"covered_lines": 6, "num_statements": 6, "percent_covered": 100.0, "percent_covered_display": "100.00", "missing_lines": 0, "excluded_lines": 0, "num_branches": 2, "num_partial_branches": 0, "covered_branches": 2, "missing_branches": 0}, "missing_lines": [], "excluded_lines": [], "executed_branches": [[93, 94], [93, 96]], "missing_branches": []}, "handle_errors.decorator.async_wrapper": {"executed_lines": [19, 20, 22, 23, 24, 25, 26, 29, 31, 32, 33, 35, 46, 47, 49, 52], "summary": {"covered_lines": 16, "num_statements": 17, "percent_covered": 91.30434782608695, "percent_covered_display": "91.30", "missing_lines": 1, "excluded_lines": 0, "num_branches": 6, "num_partial_branches": 1, "covered_branches": 5, "missing_branches": 1}, "missing_lines": [56], "excluded_lines": [], "executed_branches": [[22, 23], [25, 26], [25, 29], [46, 47], [46, 49]], "missing_branches": [[22, 56]]}, "handle_errors.decorator.sync_wrapper": {"executed_lines": [60, 61, 63, 64, 65, 66, 67, 70, 72, 73, 74, 76, 80, 81, 83, 86], "summary": {"covered_lines": 16, "num_statements": 17, "percent_covered": 91.30434782608695, "percent_covered_display": "91.30", "missing_lines": 1, "excluded_lines": 0, "num_branches": 6, "num_partial_branches": 1, "covered_branches": 5, "missing_branches": 1}, "missing_lines": [90], "excluded_lines": [], "executed_branches": [[63, 64], [66, 67], [66, 70], [80, 81], [80, 83]], "missing_branches": [[63, 90]]}, "log_execution_time": {"executed_lines": [104, 105, 130, 131, 134], "summary": {"covered_lines": 5, "num_statements": 5, "percent_covered": 100.0, "percent_covered_display": "100.00", "missing_lines": 0, "excluded_lines": 0, "num_branches": 2, "num_partial_branches": 0, "covered_branches": 2, "missing_branches": 0}, "missing_lines": [], "excluded_lines": [], "executed_branches": [[130, 131], [130, 134]], "missing_branches": []}, "log_execution_time.async_wrapper": {"executed_lines": [106, 107, 109, 110, 111, 113, 117, 119, 120, 121, 128], "summary": {"covered_lines": 11, "num_statements": 11, "percent_covered": 100.0, "percent_covered_display": "100.00", "missing_lines": 0, "excluded_lines": 0, "num_branches": 0, "num_partial_branches": 0, "covered_branches": 0, "missing_branches": 0}, "missing_lines": [], "excluded_lines": [], "executed_branches": [], "missing_branches": []}, "": {"executed_lines": [1, 2, 3, 4, 5, 6, 8, 10, 13, 101], "summary": {"covered_lines": 10, "num_statements": 10, "percent_covered": 100.0, "percent_covered_display": "100.00", "missing_lines": 0, "excluded_lines": 0, "num_branches": 0, "num_partial_branches": 0, "covered_branches": 0, "missing_branches": 0}, "missing_lines": [], "excluded_lines": [], "executed_branches": [], "missing_branches": []}}, "classes": {"": {"executed_lines": [1, 2, 3, 4, 5, 6, 8, 10, 13, 16, 17, 18, 19, 20, 22, 23, 24, 25, 26, 29, 31, 32, 33, 35, 46, 47, 49, 52, 58, 59, 60, 61, 63, 64, 65, 66, 67, 70, 72, 73, 74, 76, 80, 81, 83, 86, 93, 94, 96, 98, 101, 104, 105, 106, 107, 109, 110, 111, 113, 117, 119, 120, 121, 128, 130, 131, 134], "summary": {"covered_lines": 67, "num_statements": 69, "percent_covered": 95.29411764705883, "percent_covered_display": "95.29", "missing_lines": 2, "excluded_lines": 0, "num_branches": 16, "num_partial_branches": 2, "covered_branches": 14, "missing_branches": 2}, "missing_lines": [56, 90], "excluded_lines": [], "executed_branches": [[22, 23], [25, 26], [25, 29], [46, 47], [46, 49], [63, 64], [66, 67], [66, 70], [80, 81], [80, 83], [93, 94], [93, 96], [130, 131], [130, 134]], "missing_branches": [[22, 56], [63, 90]]}}}, "nook/common/dedup.py": {"executed_lines": [1, 3, 4, 7, 8, 22, 31, 32, 46, 47, 50, 53, 56, 59, 60, 63, 64, 65, 67, 69, 70, 86, 89, 90, 96, 98, 99, 101, 115, 116, 117, 119, 133, 134, 135, 136, 137, 139, 153, 155, 164, 167, 202, 203, 205, 207, 208, 211, 212, 213, 214, 215, 216, 217, 218, 219, 220, 223, 225, 226, 227, 228, 229, 230, 231, 232, 235, 236, 239, 241, 243, 246, 247, 248, 249, 250, 251, 252, 254], "summary": {"covered_lines": 76, "num_statements": 76, "percent_covered": 98.11320754716981, "percent_covered_display": "98.11", "missing_lines": 0, "excluded_lines": 0, "num_branches": 30, "num_partial_branches": 2, "covered_branches": 28, "missing_branches": 2}, "missing_lines": [], "excluded_lines": [], "executed_branches": [[46, 47], [46, 50], [59, 60], [59, 63], [135, 136], [135, 137], [207, 208], [207, 254], [213, 214], [215, 216], [215, 219], [217, 215], [217, 218], [219, 220], [219, 235], [225, 226], [225, 235], [228, 229], [228, 235], [231, 232], [231, 235], [239, 241], [243, 246], [243, 248], [248, 207], [248, 249], [251, 207], [251, 252]], "missing_branches": [[213, 235], [239, 207]], "functions": {"TitleNormalizer.normalize": {"executed_lines": [46, 47, 50, 53, 56, 59, 60, 63, 64, 65, 67], "summary": {"covered_lines": 11, "num_statements": 11, "percent_covered": 100.0, "percent_covered_display": "100.00", "missing_lines": 0, "excluded_lines": 0, "num_branches": 4, "num_partial_branches": 0, "covered_branches": 4, "missing_branches": 0}, "missing_lines": [], "excluded_lines": [], "executed_branches": [[46, 47], [46, 50], [59, 60], [59, 63]], "missing_branches": []}, "TitleNormalizer.are_duplicates": {"executed_lines": [86], "summary": {"covered_lines": 1, "num_statements": 1, "percent_covered": 100.0, "percent_covered_display": "100.00", "missing_lines": 0, "excluded_lines": 0, "num_branches": 0, "num_partial_branches": 0, "covered_branches": 0, "missing_branches": 0}, "missing_lines": [], "excluded_lines": [], "executed_branches": [], "missing_branches": []}, "DedupTracker.__init__": {"executed_lines": [98, 99], "summary": {"covered_lines": 2, "num_statements": 2, "percent_covered": 100.0, "percent_covered_display": "100.00", "missing_lines": 0, "excluded_lines": 0, "num_branches": 0, "num_partial_branches": 0, "covered_branches": 0, "missing_branches": 0}, "missing_lines": [], "excluded_lines": [], "executed_branches": [], "missing_branches": []}, "DedupTracker.is_duplicate": {"executed_lines": [115, 116, 117], "summary": {"covered_lines": 3, "num_statements": 3, "percent_covered": 100.0, "percent_covered_display": "100.00", "missing_lines": 0, "excluded_lines": 0, "num_branches": 0, "num_partial_branches": 0, "covered_branches": 0, "missing_branches": 0}, "missing_lines": [], "excluded_lines": [], "executed_branches": [], "missing_branches": []}, "DedupTracker.add": {"executed_lines": [133, 134, 135, 136, 137], "summary": {"covered_lines": 5, "num_statements": 5, "percent_covered": 100.0, "percent_covered_display": "100.00", "missing_lines": 0, "excluded_lines": 0, "num_branches": 2, "num_partial_branches": 0, "covered_branches": 2, "missing_branches": 0}, "missing_lines": [], "excluded_lines": [], "executed_branches": [[135, 136], [135, 137]], "missing_branches": []}, "DedupTracker.get_original_title": {"executed_lines": [153], "summary": {"covered_lines": 1, "num_statements": 1, "percent_covered": 100.0, "percent_covered_display": "100.00", "missing_lines": 0, "excluded_lines": 0, "num_branches": 0, "num_partial_branches": 0, "covered_branches": 0, "missing_branches": 0}, "missing_lines": [], "excluded_lines": [], "executed_branches": [], "missing_branches": []}, "DedupTracker.count": {"executed_lines": [164], "summary": {"covered_lines": 1, "num_statements": 1, "percent_covered": 100.0, "percent_covered_display": "100.00", "missing_lines": 0, "excluded_lines": 0, "num_branches": 0, "num_partial_branches": 0, "covered_branches": 0, "missing_branches": 0}, "missing_lines": [], "excluded_lines": [], "executed_branches": [], "missing_branches": []}, "load_existing_titles_from_storage": {"executed_lines": [202, 203, 205, 207, 208, 211, 212, 213, 214, 215, 216, 217, 218, 219, 220, 223, 225, 226, 227, 228, 229, 230, 231, 232, 235, 236, 239, 241, 243, 246, 247, 248, 249, 250, 251, 252, 254], "summary": {"covered_lines": 37, "num_statements": 37, "percent_covered": 96.72131147540983, "percent_covered_display": "96.72", "missing_lines": 0, "excluded_lines": 0, "num_branches": 24, "num_partial_branches": 2, "covered_branches": 22, "missing_branches": 2}, "missing_lines": [], "excluded_lines": [], "executed_branches": [[207, 208], [207, 254], [213, 214], [215, 216], [215, 219], [217, 215], [217, 218], [219, 220], [219, 235], [225, 226], [225, 235], [228, 229], [228, 235], [231, 232], [231, 235], [239, 241], [243, 246], [243, 248], [248, 207], [248, 249], [251, 207], [251, 252]], "missing_branches": [[213, 235], [239, 207]]}, "": {"executed_lines": [1, 3, 4, 7, 8, 22, 31, 32, 69, 70, 89, 90, 96, 101, 119, 139, 155, 167], "summary": {"covered_lines": 15, "num_statements": 15, "percent_covered": 100.0, "percent_covered_display": "100.00", "missing_lines": 0, "excluded_lines": 0, "num_branches": 0, "num_partial_branches": 0, "covered_branches": 0, "missing_branches": 0}, "missing_lines": [], "excluded_lines": [], "executed_branches": [], "missing_branches": []}}, "classes": {"TitleNormalizer": {"executed_lines": [46, 47, 50, 53, 56, 59, 60, 63, 64, 65, 67, 86], "summary": {"covered_lines": 12, "num_statements": 12, "percent_covered": 100.0, "percent_covered_display": "100.00", "missing_lines": 0, "excluded_lines": 0, "num_branches": 4, "num_partial_branches": 0, "covered_branches": 4, "missing_branches": 0}, "missing_lines": [], "excluded_lines": [], "executed_branches": [[46, 47], [46, 50], [59, 60], [59, 63]], "missing_branches": []}, "DedupTracker": {"executed_lines": [98, 99, 115, 116, 117, 133, 134, 135, 136, 137, 153, 164], "summary": {"covered_lines": 12, "num_statements": 12, "percent_covered": 100.0, "percent_covered_display": "100.00", "missing_lines": 0, "excluded_lines": 0, "num_branches": 2, "num_partial_branches": 0, "covered_branches": 2, "missing_branches": 0}, "missing_lines": [], "excluded_lines": [], "executed_branches": [[135, 136], [135, 137]], "missing_branches": []}, "": {"executed_lines": [1, 3, 4, 7, 8, 22, 31, 32, 69, 70, 89, 90, 96, 101, 119, 139, 155, 167, 202, 203, 205, 207, 208, 211, 212, 213, 214, 215, 216, 217, 218, 219, 220, 223, 225, 226, 227, 228, 229, 230, 231, 232, 235, 236, 239, 241, 243, 246, 247, 248, 249, 250, 251, 252, 254], "summary": {"covered_lines": 52, "num_statements": 52, "percent_covered": 97.36842105263158, "percent_covered_display": "97.37", "missing_lines": 0, "excluded_lines": 0, "num_branches": 24, "num_partial_branches": 2, "covered_branches": 22, "missing_branches": 2}, "missing_lines": [], "excluded_lines": [], "executed_branches": [[207, 208], [207, 254], [213, 214], [215, 216], [215, 219], [217, 215], [217, 218], [219, 220], [219, 235], [225, 226], [225, 235], [228, 229], [228, 235], [231, 232], [231, 235], [239, 241], [243, 246], [243, 248], [248, 207], [248, 249], [251, 207], [251, 252]], "missing_branches": [[213, 235], [239, 207]]}}}, "nook/common/error_metrics.py": {"executed_lines": [1, 2, 3, 6, 7, 9, 10, 11, 12, 14, 16, 17, 18, 21, 22, 26, 28, 29, 30, 32, 33, 34, 36, 37, 44, 46, 48, 50, 51, 53, 55, 58, 68, 72], "summary": {"covered_lines": 33, "num_statements": 33, "percent_covered": 100.0, "percent_covered_display": "100.00", "missing_lines": 0, "excluded_lines": 0, "num_branches": 8, "num_partial_branches": 0, "covered_branches": 8, "missing_branches": 0}, "missing_lines": [], "excluded_lines": [], "executed_branches": [[33, 34], [33, 44], [36, 33], [36, 37], [50, 51], [50, 53], [55, 58], [55, 68]], "missing_branches": [], "functions": {"ErrorMetrics.__init__": {"executed_lines": [10, 11, 12], "summary": {"covered_lines": 3, "num_statements": 3, "percent_covered": 100.0, "percent_covered_display": "100.00", "missing_lines": 0, "excluded_lines": 0, "num_branches": 0, "num_partial_branches": 0, "covered_branches": 0, "missing_branches": 0}, "missing_lines": [], "excluded_lines": [], "executed_branches": [], "missing_branches": []}, "ErrorMetrics.record_error": {"executed_lines": [16, 17, 18, 21, 22], "summary": {"covered_lines": 5, "num_statements": 5, "percent_covered": 100.0, "percent_covered_display": "100.00", "missing_lines": 0, "excluded_lines": 0, "num_branches": 0, "num_partial_branches": 0, "covered_branches": 0, "missing_branches": 0}, "missing_lines": [], "excluded_lines": [], "executed_branches": [], "missing_branches": []}, "ErrorMetrics.get_error_stats": {"executed_lines": [28, 29, 30, 32, 33, 34, 36, 37, 44], "summary": {"covered_lines": 9, "num_statements": 9, "percent_covered": 100.0, "percent_covered_display": "100.00", "missing_lines": 0, "excluded_lines": 0, "num_branches": 4, "num_partial_branches": 0, "covered_branches": 4, "missing_branches": 0}, "missing_lines": [], "excluded_lines": [], "executed_branches": [[33, 34], [33, 44], [36, 33], [36, 37]], "missing_branches": []}, "ErrorMetrics.get_error_report": {"executed_lines": [48, 50, 51, 53, 55, 58, 68], "summary": {"covered_lines": 7, "num_statements": 7, "percent_covered": 100.0, "percent_covered_display": "100.00", "missing_lines": 0, "excluded_lines": 0, "num_branches": 4, "num_partial_branches": 0, "covered_branches": 4, "missing_branches": 0}, "missing_lines": [], "excluded_lines": [], "executed_branches": [[50, 51], [50, 53], [55, 58], [55, 68]], "missing_branches": []}, "": {"executed_lines": [1, 2, 3, 6, 7, 9, 14, 26, 46, 72], "summary": {"covered_lines": 9, "num_statements": 9, "percent_covered": 100.0, "percent_covered_display": "100.00", "missing_lines": 0, "excluded_lines": 0, "num_branches": 0, "num_partial_branches": 0, "covered_branches": 0, "missing_branches": 0}, "missing_lines": [], "excluded_lines": [], "executed_branches": [], "missing_branches": []}}, "classes": {"ErrorMetrics": {"executed_lines": [10, 11, 12, 16, 17, 18, 21, 22, 28, 29, 30, 32, 33, 34, 36, 37, 44, 48, 50, 51, 53, 55, 58, 68], "summary": {"covered_lines": 24, "num_statements": 24, "percent_covered": 100.0, "percent_covered_display": "100.00", "missing_lines": 0, "excluded_lines": 0, "num_branches": 8, "num_partial_branches": 0, "covered_branches": 8, "missing_branches": 0}, "missing_lines": [], "excluded_lines": [], "executed_branches": [[33, 34], [33, 44], [36, 33], [36, 37], [50, 51], [50, 53], [55, 58], [55, 68]], "missing_branches": []}, "": {"executed_lines": [1, 2, 3, 6, 7, 9, 14, 26, 46, 72], "summary": {"covered_lines": 9, "num_statements": 9, "percent_covered": 100.0, "percent_covered_display": "100.00", "missing_lines": 0, "excluded_lines": 0, "num_branches": 0, "num_partial_branches": 0, "covered_branches": 0, "missing_branches": 0}, "missing_lines": [], "excluded_lines": [], "executed_branches": [], "missing_branches": []}}}, "nook/common/exceptions.py": {"executed_lines": [1, 2, 4, 7, 8, 10, 13, 14, 16, 19, 20, 21, 24, 25, 27, 30, 31, 33, 36, 37, 39], "summary": {"covered_lines": 10, "num_statements": 10, "percent_covered": 100.0, "percent_covered_display": "100.00", "missing_lines": 0, "excluded_lines": 5, "num_branches": 0, "num_partial_branches": 0, "covered_branches": 0, "missing_branches": 0}, "missing_lines": [], "excluded_lines": [4, 10, 27, 33, 39], "executed_branches": [], "missing_branches": [], "functions": {"APIException.__init__": {"executed_lines": [19, 20, 21], "summary": {"covered_lines": 3, "num_statements": 3, "percent_covered": 100.0, "percent_covered_display": "100.00", "missing_lines": 0, "excluded_lines": 0, "num_branches": 0, "num_partial_branches": 0, "covered_branches": 0, "missing_branches": 0}, "missing_lines": [], "excluded_lines": [], "executed_branches": [], "missing_branches": []}, "": {"executed_lines": [1, 2, 4, 7, 8, 10, 13, 14, 16, 24, 25, 27, 30, 31, 33, 36, 37, 39], "summary": {"covered_lines": 7, "num_statements": 7, "percent_covered": 100.0, "percent_covered_display": "100.00", "missing_lines": 0, "excluded_lines": 5, "num_branches": 0, "num_partial_branches": 0, "covered_branches": 0, "missing_branches": 0}, "missing_lines": [], "excluded_lines": [4, 10, 27, 33, 39], "executed_branches": [], "missing_branches": []}}, "classes": {"NookException": {"executed_lines": [], "summary": {"covered_lines": 0, "num_statements": 0, "percent_covered": 100.0, "percent_covered_display": "100.00", "missing_lines": 0, "excluded_lines": 0, "num_branches": 0, "num_partial_branches": 0, "covered_branches": 0, "missing_branches": 0}, "missing_lines": [], "excluded_lines": [], "executed_branches": [], "missing_branches": []}, "ServiceException": {"executed_lines": [], "summary": {"covered_lines": 0, "num_statements": 0, "percent_covered": 100.0, "percent_covered_display": "100.00", "missing_lines": 0, "excluded_lines": 0, "num_branches": 0, "num_partial_branches": 0, "covered_branches": 0, "missing_branches": 0}, "missing_lines": [], "excluded_lines": [], "executed_branches": [], "missing_branches": []}, "APIException": {"executed_lines": [19, 20, 21], "summary": {"covered_lines": 3, "num_statements": 3, "percent_covered": 100.0, "percent_covered_display": "100.00", "missing_lines": 0, "excluded_lines": 0, "num_branches": 0, "num_partial_branches": 0, "covered_branches": 0, "missing_branches": 0}, "missing_lines": [], "excluded_lines": [], "executed_branches": [], "missing_branches": []}, "ConfigurationException": {"executed_lines": [], "summary": {"covered_lines": 0, "num_statements": 0, "percent_covered": 100.0, "percent_covered_display": "100.00", "missing_lines": 0, "excluded_lines": 0, "num_branches": 0, "num_partial_branches": 0, "covered_branches": 0, "missing_branches": 0}, "missing_lines": [], "excluded_lines": [], "executed_branches": [], "missing_branches": []}, "DataException": {"executed_lines": [], "summary": {"covered_lines": 0, "num_statements": 0, "percent_covered": 100.0, "percent_covered_display": "100.00", "missing_lines": 0, "excluded_lines": 0, "num_branches": 0, "num_partial_branches": 0, "covered_branches": 0, "missing_branches": 0}, "missing_lines": [], "excluded_lines": [], "executed_branches": [], "missing_branches": []}, "RetryException": {"executed_lines": [], "summary": {"covered_lines": 0, "num_statements": 0, "percent_covered": 100.0, "percent_covered_display": "100.00", "missing_lines": 0, "excluded_lines": 0, "num_branches": 0, "num_partial_branches": 0, "covered_branches": 0, "missing_branches": 0}, "missing_lines": [], "excluded_lines": [], "executed_branches": [], "missing_branches": []}, "": {"executed_lines": [1, 2, 4, 7, 8, 10, 13, 14, 16, 24, 25, 27, 30, 31, 33, 36, 37, 39], "summary": {"covered_lines": 7, "num_statements": 7, "percent_covered": 100.0, "percent_covered_display": "100.00", "missing_lines": 0, "excluded_lines": 5, "num_branches": 0, "num_partial_branches": 0, "covered_branches": 0, "missing_branches": 0}, "missing_lines": [], "excluded_lines": [4, 10, 27, 33, 39], "executed_branches": [], "missing_branches": []}}}, "nook/common/feed_utils.py": {"executed_lines": [1, 3, 4, 5, 6, 7, 9, 12, 19, 27, 28, 29, 30, 31, 32, 35, 36, 37, 38, 40, 41, 43, 44, 46, 47, 48, 49, 51, 52, 54, 57, 58, 59, 60, 61, 63, 64, 65, 66, 68, 72, 73, 74, 75, 77, 79, 80, 81, 82, 84, 85, 87, 89, 90, 91, 93], "summary": {"covered_lines": 56, "num_statements": 57, "percent_covered": 97.59036144578313, "percent_covered_display": "97.59", "missing_lines": 1, "excluded_lines": 0, "num_branches": 26, "num_partial_branches": 1, "covered_branches": 25, "missing_branches": 1}, "missing_lines": [86], "excluded_lines": [], "executed_branches": [[28, 29], [28, 30], [30, 31], [30, 32], [37, 38], [37, 40], [40, 41], [40, 43], [43, 44], [43, 46], [51, 52], [51, 54], [58, 59], [58, 72], [60, 61], [60, 63], [72, 73], [72, 93], [74, 75], [74, 77], [84, 85], [84, 89], [85, 87], [90, 72], [90, 91]], "missing_branches": [[85, 86]], "functions": {"_get_entry_value": {"executed_lines": [28, 29, 30, 31, 32], "summary": {"covered_lines": 5, "num_statements": 5, "percent_covered": 100.0, "percent_covered_display": "100.00", "missing_lines": 0, "excluded_lines": 0, "num_branches": 4, "num_partial_branches": 0, "covered_branches": 4, "missing_branches": 0}, "missing_lines": [], "excluded_lines": [], "executed_branches": [[28, 29], [28, 30], [30, 31], [30, 32]], "missing_branches": []}, "_parse_iso_datetime": {"executed_lines": [36, 37, 38, 40, 41, 43, 44, 46, 47, 48, 49, 51, 52, 54], "summary": {"covered_lines": 14, "num_statements": 14, "percent_covered": 100.0, "percent_covered_display": "100.00", "missing_lines": 0, "excluded_lines": 0, "num_branches": 8, "num_partial_branches": 0, "covered_branches": 8, "missing_branches": 0}, "missing_lines": [], "excluded_lines": [], "executed_branches": [[37, 38], [37, 40], [40, 41], [40, 43], [43, 44], [43, 46], [51, 52], [51, 54]], "missing_branches": []}, "parse_entry_datetime": {"executed_lines": [58, 59, 60, 61, 63, 64, 65, 66, 68, 72, 73, 74, 75, 77, 79, 80, 81, 82, 84, 85, 87, 89, 90, 91, 93], "summary": {"covered_lines": 25, "num_statements": 26, "percent_covered": 95.0, "percent_covered_display": "95.00", "missing_lines": 1, "excluded_lines": 0, "num_branches": 14, "num_partial_branches": 1, "covered_branches": 13, "missing_branches": 1}, "missing_lines": [86], "excluded_lines": [], "executed_branches": [[58, 59], [58, 72], [60, 61], [60, 63], [72, 73], [72, 93], [74, 75], [74, 77], [84, 85], [84, 89], [85, 87], [90, 72], [90, 91]], "missing_branches": [[85, 86]]}, "": {"executed_lines": [1, 3, 4, 5, 6, 7, 9, 12, 19, 27, 35, 57], "summary": {"covered_lines": 12, "num_statements": 12, "percent_covered": 100.0, "percent_covered_display": "100.00", "missing_lines": 0, "excluded_lines": 0, "num_branches": 0, "num_partial_branches": 0, "covered_branches": 0, "missing_branches": 0}, "missing_lines": [], "excluded_lines": [], "executed_branches": [], "missing_branches": []}}, "classes": {"": {"executed_lines": [1, 3, 4, 5, 6, 7, 9, 12, 19, 27, 28, 29, 30, 31, 32, 35, 36, 37, 38, 40, 41, 43, 44, 46, 47, 48, 49, 51, 52, 54, 57, 58, 59, 60, 61, 63, 64, 65, 66, 68, 72, 73, 74, 75, 77, 79, 80, 81, 82, 84, 85, 87, 89, 90, 91, 93], "summary": {"covered_lines": 56, "num_statements": 57, "percent_covered": 97.59036144578313, "percent_covered_display": "97.59", "missing_lines": 1, "excluded_lines": 0, "num_branches": 26, "num_partial_branches": 1, "covered_branches": 25, "missing_branches": 1}, "missing_lines": [86], "excluded_lines": [], "execut
[...]
issing_lines": 0, "excluded_lines": 0, "num_branches": 0, "num_partial_branches": 0, "covered_branches": 0, "missing_branches": 0}, "missing_lines": [], "excluded_lines": [], "executed_branches": [], "missing_branches": []}, "TechFeed.run": {"executed_lines": [69], "summary": {"covered_lines": 1, "num_statements": 1, "percent_covered": 100.0, "percent_covered_display": "100.00", "missing_lines": 0, "excluded_lines": 0, "num_branches": 0, "num_partial_branches": 0, "covered_branches": 0, "missing_branches": 0}, "missing_lines": [], "excluded_lines": [], "executed_branches": [], "missing_branches": []}, "TechFeed.collect": {"executed_lines": [94, 95, 97, 98, 102, 103, 107, 109, 111, 112, 113, 115, 116, 122, 123, 124, 126, 129, 131, 133, 136, 138, 141, 152, 157, 158, 160, 161, 166, 169, 170, 171, 174, 175, 176, 177, 188, 191, 198, 199, 202, 204, 205, 208, 209, 210, 211, 216, 219, 220, 225, 226, 228, 230, 233], "summary": {"covered_lines": 54, "num_statements": 63, "percent_covered": 85.3932584269663, "percent_covered_display": "85.39", "missing_lines": 9, "excluded_lines": 1, "num_branches": 26, "num_partial_branches": 4, "covered_branches": 22, "missing_branches": 4}, "missing_lines": [142, 145, 149, 155, 178, 179, 182, 183, 222], "excluded_lines": [233], "executed_branches": [[94, 95], [94, 97], [111, 112], [111, 166], [112, 111], [112, 113], [123, 124], [123, 126], [131, 112], [131, 133], [136, 131], [136, 138], [141, 152], [152, 157], [170, 171], [170, 225], [177, 188], [204, 205], [209, 210], [209, 216], [225, 226], [225, 228]], "missing_branches": [[141, 142], [152, 155], [177, 178], [204, 222]]}, "TechFeed._select_top_articles": {"executed_lines": [253, 257, 262, 263], "summary": {"covered_lines": 4, "num_statements": 5, "percent_covered": 71.42857142857143, "percent_covered_display": "71.43", "missing_lines": 1, "excluded_lines": 0, "num_branches": 2, "num_partial_branches": 1, "covered_branches": 1, "missing_branches": 1}, "missing_lines": [254], "excluded_lines": [], "executed_branches": [[253, 257]], "missing_branches": [[253, 254]]}, "TechFeed._retrieve_article": {"executed_lines": [285, 287, 288, 289, 292, 295, 296, 299, 300, 301, 304, 307, 308, 311, 313, 314, 315, 318, 319, 320, 322, 323, 325, 336, 337, 340], "summary": {"covered_lines": 26, "num_statements": 26, "percent_covered": 94.73684210526316, "percent_covered_display": "94.74", "missing_lines": 0, "excluded_lines": 0, "num_branches": 12, "num_partial_branches": 2, "covered_branches": 10, "missing_branches": 2}, "missing_lines": [], "excluded_lines": [], "executed_branches": [[288, 289], [288, 292], [299, 300], [299, 304], [307, 308], [311, 313], [311, 322], [314, 315], [314, 318], [319, 320]], "missing_branches": [[307, 311], [319, 322]]}, "TechFeed._store_summaries": {"executed_lines": [345, 346, 347, 349, 350, 351, 356, 358, 370], "summary": {"covered_lines": 9, "num_statements": 9, "percent_covered": 100.0, "percent_covered_display": "100.00", "missing_lines": 0, "excluded_lines": 0, "num_branches": 2, "num_partial_branches": 0, "covered_branches": 2, "missing_branches": 0}, "missing_lines": [], "excluded_lines": [], "executed_branches": [[345, 346], [345, 349]], "missing_branches": []}, "TechFeed._extract_popularity": {"executed_lines": [379, 385, 386, 387, 388, 389, 390, 392, 395, 396, 397, 398, 399, 402, 403, 404, 405, 406, 407, 408, 410, 411, 413], "summary": {"covered_lines": 23, "num_statements": 23, "percent_covered": 93.02325581395348, "percent_covered_display": "93.02", "missing_lines": 0, "excluded_lines": 0, "num_branches": 20, "num_partial_branches": 3, "covered_branches": 17, "missing_branches": 3}, "missing_lines": [], "excluded_lines": [], "executed_branches": [[385, 386], [385, 392], [387, 385], [387, 388], [389, 390], [395, 396], [395, 402], [398, 399], [402, 403], [402, 410], [403, 402], [403, 404], [405, 403], [405, 406], [407, 408], [410, 411], [410, 413]], "missing_branches": [[389, 385], [398, 395], [407, 403]]}, "TechFeed._get_markdown_header": {"executed_lines": [417], "summary": {"covered_lines": 1, "num_statements": 1, "percent_covered": 100.0, "percent_covered_display": "100.00", "missing_lines": 0, "excluded_lines": 0, "num_branches": 0, "num_partial_branches": 0, "covered_branches": 0, "missing_branches": 0}, "missing_lines": [], "excluded_lines": [], "executed_branches": [], "missing_branches": []}, "TechFeed._get_summary_system_instruction": {"executed_lines": [421], "summary": {"covered_lines": 1, "num_statements": 1, "percent_covered": 100.0, "percent_covered_display": "100.00", "missing_lines": 0, "excluded_lines": 0, "num_branches": 0, "num_partial_branches": 0, "covered_branches": 0, "missing_branches": 0}, "missing_lines": [], "excluded_lines": [], "executed_branches": [], "missing_branches": []}, "TechFeed._get_summary_prompt_template": {"executed_lines": [430], "summary": {"covered_lines": 1, "num_statements": 1, "percent_covered": 100.0, "percent_covered_display": "100.00", "missing_lines": 0, "excluded_lines": 0, "num_branches": 0, "num_partial_branches": 0, "covered_branches": 0, "missing_branches": 0}, "missing_lines": [], "excluded_lines": [], "executed_branches": [], "missing_branches": []}, "TechFeed._needs_japanese_check": {"executed_lines": [], "summary": {"covered_lines": 0, "num_statements": 1, "percent_covered": 0.0, "percent_covered_display": "0.00", "missing_lines": 1, "excluded_lines": 0, "num_branches": 0, "num_partial_branches": 0, "covered_branches": 0, "missing_branches": 0}, "missing_lines": [444], "excluded_lines": [], "executed_branches": [], "missing_branches": []}, "": {"executed_lines": [1, 3, 4, 5, 6, 7, 9, 10, 12, 13, 14, 15, 16, 25, 28, 29, 38, 39, 41, 58, 71, 235, 265, 342, 376, 415, 419, 428, 442], "summary": {"covered_lines": 27, "num_statements": 27, "percent_covered": 100.0, "percent_covered_display": "100.00", "missing_lines": 0, "excluded_lines": 0, "num_branches": 0, "num_partial_branches": 0, "covered_branches": 0, "missing_branches": 0}, "missing_lines": [], "excluded_lines": [], "executed_branches": [], "missing_branches": []}}, "classes": {"TechFeed": {"executed_lines": [50, 51, 54, 55, 56, 69, 94, 95, 97, 98, 102, 103, 107, 109, 111, 112, 113, 115, 116, 122, 123, 124, 126, 129, 131, 133, 136, 138, 141, 152, 157, 158, 160, 161, 166, 169, 170, 171, 174, 175, 176, 177, 188, 191, 198, 199, 202, 204, 205, 208, 209, 210, 211, 216, 219, 220, 225, 226, 228, 230, 233, 253, 257, 262, 263, 285, 287, 288, 289, 292, 295, 296, 299, 300, 301, 304, 307, 308, 311, 313, 314, 315, 318, 319, 320, 322, 323, 325, 336, 337, 340, 345, 346, 347, 349, 350, 351, 356, 358, 370, 379, 385, 386, 387, 388, 389, 390, 392, 395, 396, 397, 398, 399, 402, 403, 404, 405, 406, 407, 408, 410, 411, 413, 417, 421, 430], "summary": {"covered_lines": 125, "num_statements": 136, "percent_covered": 89.39393939393939, "percent_covered_display": "89.39", "missing_lines": 11, "excluded_lines": 1, "num_branches": 62, "num_partial_branches": 10, "covered_branches": 52, "missing_branches": 10}, "missing_lines": [142, 145, 149, 155, 178, 179, 182, 183, 222, 254, 444], "excluded_lines": [233], "executed_branches": [[94, 95], [94, 97], [111, 112], [111, 166], [112, 111], [112, 113], [123, 124], [123, 126], [131, 112], [131, 133], [136, 131], [136, 138], [141, 152], [152, 157], [170, 171], [170, 225], [177, 188], [204, 205], [209, 210], [209, 216], [225, 226], [225, 228], [253, 257], [288, 289], [288, 292], [299, 300], [299, 304], [307, 308], [311, 313], [311, 322], [314, 315], [314, 318], [319, 320], [345, 346], [345, 349], [385, 386], [385, 392], [387, 385], [387, 388], [389, 390], [395, 396], [395, 402], [398, 399], [402, 403], [402, 410], [403, 402], [403, 404], [405, 403], [405, 406], [407, 408], [410, 411], [410, 413]], "missing_branches": [[141, 142], [152, 155], [177, 178], [204, 222], [253, 254], [307, 311], [319, 322], [389, 385], [398, 395], [407, 403]]}, "": {"executed_lines": [1, 3, 4, 5, 6, 7, 9, 10, 12, 13, 14, 15, 16, 25, 28, 29, 38, 39, 41, 58, 71, 235, 265, 342, 376, 415, 419, 428, 442], "summary": {"covered_lines": 27, "num_statements": 27, "percent_covered": 100.0, "percent_covered_display": "100.00", "missing_lines": 0, "excluded_lines": 0, "num_branches": 0, "num_partial_branches": 0, "covered_branches": 0, "missing_branches": 0}, "missing_lines": [], "excluded_lines": [], "executed_branches": [], "missing_branches": []}}}, "nook/services/zenn_explorer/zenn_explorer.py": {"executed_lines": [1, 3, 4, 5, 6, 7, 8, 10, 11, 13, 14, 15, 16, 17, 26, 29, 30, 39, 40, 42, 51, 52, 55, 56, 57, 59, 70, 72, 95, 96, 98, 99, 103, 104, 108, 110, 112, 113, 114, 115, 117, 118, 124, 125, 126, 128, 131, 132, 134, 163, 164, 169, 172, 173, 174, 175, 178, 179, 180, 181, 182, 183, 186, 188, 193, 196, 203, 204, 207, 209, 229, 230, 234, 235, 236, 237, 238, 242, 245, 246, 248, 250, 254, 256, 257, 258, 259, 260, 261, 262, 263, 264, 265, 267, 285, 286, 289, 294, 295, 297, 317, 319, 320, 321, 324, 327, 328, 331, 334, 335, 338, 340, 341, 342, 345, 346, 347, 349, 350, 352, 363, 364, 367, 369, 372, 373, 374, 376, 377, 378, 383, 395, 401, 404, 405, 406, 407, 408, 410, 413, 414, 415, 416, 419, 420, 421, 422, 424, 425, 426, 427, 429, 430, 433, 434, 437, 438, 439, 440, 441, 445, 447, 449, 451, 453, 460, 462], "summary": {"covered_lines": 164, "num_statements": 187, "percent_covered": 85.32818532818533, "percent_covered_display": "85.33", "missing_lines": 23, "excluded_lines": 2, "num_branches": 72, "num_partial_branches": 7, "covered_branches": 57, "missing_branches": 15}, "missing_lines": [136, 139, 141, 144, 145, 148, 152, 155, 158, 160, 161, 210, 213, 214, 215, 216, 222, 225, 226, 239, 423, 442, 443], "excluded_lines": [240, 254], "executed_branches": [[95, 96], [95, 98], [113, 114], [113, 169], [114, 113], [114, 115], [125, 126], [125, 128], [134, 114], [173, 174], [173, 245], [181, 182], [181, 193], [209, 229], [229, 230], [229, 242], [237, 238], [245, 246], [245, 248], [260, 261], [260, 265], [261, 262], [261, 265], [285, 286], [285, 289], [320, 321], [320, 324], [334, 335], [334, 338], [338, 340], [338, 349], [341, 342], [341, 345], [346, 347], [346, 349], [372, 373], [372, 376], [405, 406], [405, 410], [407, 408], [413, 414], [413, 419], [415, 416], [419, 420], [419, 429], [420, 419], [420, 421], [422, 424], [424, 425], [426, 420], [426, 427], [429, 430], [429, 433], [437, 438], [437, 439], [440, 441], [440, 445]], "missing_branches": [[134, 136], [139, 134], [139, 141], [144, 145], [144, 155], [155, 158], [155, 160], [209, 210], [214, 215], [214, 222], [237, 173], [407, 410], [415, 413], [422, 423], [424, 420]], "functions": {"ZennExplorer.__init__": {"executed_lines": [51, 52, 55, 56, 57], "summary": {"covered_lines": 5, "num_statements": 5, "percent_covered": 100.0, "percent_covered_display": "100.00", "missing_lines": 0, "excluded_lines": 0, "num_branches": 0, "num_partial_branches": 0, "covered_branches": 0, "missing_branches": 0}, "missing_lines": [], "excluded_lines": [], "executed_branches": [], "missing_branches": []}, "ZennExplorer.run": {"executed_lines": [70], "summary": {"covered_lines": 1, "num_statements": 1, "percent_covered": 100.0, "percent_covered_display": "100.00", "missing_lines": 0, "excluded_lines": 0, "num_branches": 0, "num_partial_branches": 0, "covered_branches": 0, "missing_branches": 0}, "missing_lines": [], "excluded_lines": [], "executed_branches": [], "missing_branches": []}, "ZennExplorer.collect": {"executed_lines": [95, 96, 98, 99, 103, 104, 108, 110, 112, 113, 114, 115, 117, 118, 124, 125, 126, 128, 131, 132, 134, 163, 164, 169, 172, 173, 174, 175, 178, 179, 180, 181, 182, 183, 186, 188, 193, 196, 203, 204, 207, 209, 229, 230, 234, 235, 236, 237, 238, 242, 245, 246, 248, 250, 254], "summary": {"covered_lines": 54, "num_statements": 74, "percent_covered": 70.1923076923077, "percent_covered_display": "70.19", "missing_lines": 20, "excluded_lines": 2, "num_branches": 30, "num_partial_branches": 3, "covered_branches": 19, "missing_branches": 11}, "missing_lines": [136, 139, 141, 144, 145, 148, 152, 155, 158, 160, 161, 210, 213, 214, 215, 216, 222, 225, 226, 239], "excluded_lines": [240, 254], "executed_branches": [[95, 96], [95, 98], [113, 114], [113, 169], [114, 113], [114, 115], [125, 126], [125, 128], [134, 114], [173, 174], [173, 245], [181, 182], [181, 193], [209, 229], [229, 230], [229, 242], [237, 238], [245, 246], [245, 248]], "missing_branches": [[134, 136], [139, 134], [139, 141], [144, 145], [144, 155], [155, 158], [155, 160], [209, 210], [214, 215], [214, 222], [237, 173]]}, "ZennExplorer._load_existing_titles": {"executed_lines": [257, 258, 259, 260, 261, 262, 263, 264, 265], "summary": {"covered_lines": 9, "num_statements": 9, "percent_covered": 100.0, "percent_covered_display": "100.00", "missing_lines": 0, "excluded_lines": 0, "num_branches": 4, "num_partial_branches": 0, "covered_branches": 4, "missing_branches": 0}, "missing_lines": [], "excluded_lines": [], "executed_branches": [[260, 261], [260, 265], [261, 262], [261, 265]], "missing_branches": []}, "ZennExplorer._select_top_articles": {"executed_lines": [285, 286, 289, 294, 295], "summary": {"covered_lines": 5, "num_statements": 5, "percent_covered": 100.0, "percent_covered_display": "100.00", "missing_lines": 0, "excluded_lines": 0, "num_branches": 2, "num_partial_branches": 0, "covered_branches": 2, "missing_branches": 0}, "missing_lines": [], "excluded_lines": [], "executed_branches": [[285, 286], [285, 289]], "missing_branches": []}, "ZennExplorer._retrieve_article": {"executed_lines": [317, 319, 320, 321, 324, 327, 328, 331, 334, 335, 338, 340, 341, 342, 345, 346, 347, 349, 350, 352, 363, 364, 367], "summary": {"covered_lines": 23, "num_statements": 23, "percent_covered": 100.0, "percent_covered_display": "100.00", "missing_lines": 0, "excluded_lines": 0, "num_branches": 10, "num_partial_branches": 0, "covered_branches": 10, "missing_branches": 0}, "missing_lines": [], "excluded_lines": [], "executed_branches": [[320, 321], [320, 324], [334, 335], [334, 338], [338, 340], [338, 349], [341, 342], [341, 345], [346, 347], [346, 349]], "missing_branches": []}, "ZennExplorer._store_summaries": {"executed_lines": [372, 373, 374, 376, 377, 378, 383, 395], "summary": {"covered_lines": 8, "num_statements": 8, "percent_covered": 100.0, "percent_covered_display": "100.00", "missing_lines": 0, "excluded_lines": 0, "num_branches": 2, "num_partial_branches": 0, "covered_branches": 2, "missing_branches": 0}, "missing_lines": [], "excluded_lines": [], "executed_branches": [[372, 373], [372, 376]], "missing_branches": []}, "ZennExplorer._extract_popularity": {"executed_lines": [404, 405, 406, 407, 408, 410, 413, 414, 415, 416, 419, 420, 421, 422, 424, 425, 426, 427, 429, 430, 433, 434, 437, 438, 439, 440, 441, 445], "summary": {"covered_lines": 28, "num_statements": 31, "percent_covered": 87.27272727272727, "percent_covered_display": "87.27", "missing_lines": 3, "excluded_lines": 0, "num_branches": 24, "num_partial_branches": 4, "covered_branches": 20, "missing_branches": 4}, "missing_lines": [423, 442, 443], "excluded_lines": [], "executed_branches": [[405, 406], [405, 410], [407, 408], [413, 414], [413, 419], [415, 416], [419, 420], [419, 429], [420, 419], [420, 421], [422, 424], [424, 425], [426, 420], [426, 427], [429, 430], [429, 433], [437, 438], [437, 439], [440, 441], [440, 445]], "missing_branches": [[407, 410], [415, 413], [422, 423], [424, 420]]}, "ZennExplorer._get_markdown_header": {"executed_lines": [449], "summary": {"covered_lines": 1, "num_statements": 1, "percent_covered": 100.0, "percent_covered_display": "100.00", "missing_lines": 0, "excluded_lines": 0, "num_branches": 0, "num_partial_branches": 0, "covered_branches": 0, "missing_branches": 0}, "missing_lines": [], "excluded_lines": [], "executed_branches": [], "missing_branches": []}, "ZennExplorer._get_summary_system_instruction": {"executed_lines": [453], "summary": {"covered_lines": 1, "num_statements": 1, "percent_covered": 100.0, "percent_covered_display": "100.00", "missing_lines": 0, "excluded_lines": 0, "num_branches": 0, "num_partial_branches": 0, "covered_branches": 0, "missing_branches": 0}, "missing_lines": [], "excluded_lines": [], "executed_branches": [], "missing_branches": []}, "ZennExplorer._get_summary_prompt_template": {"executed_lines": [462], "summary": {"covered_lines": 1, "num_statements": 1, "percent_covered": 100.0, "percent_covered_display": "100.00", "missing_lines": 0, "excluded_lines": 0, "num_branches": 0, "num_partial_branches": 0, "covered_branches": 0, "missing_branches": 0}, "missing_lines": [], "excluded_lines": [], "executed_branches": [], "missing_branches": []}, "": {"executed_lines": [1, 3, 4, 5, 6, 7, 8, 10, 11, 13, 14, 15, 16, 17, 26, 29, 30, 39, 40, 42, 59, 72, 256, 267, 297, 369, 401, 447, 451, 460], "summary": {"covered_lines": 28, "num_statements": 28, "percent_covered": 100.0, "percent_covered_display": "100.00", "missing_lines": 0, "excluded_lines": 0, "num_branches": 0, "num_partial_branches": 0, "covered_branches": 0, "missing_branches": 0}, "missing_lines": [], "excluded_lines": [], "executed_branches": [], "missing_branches": []}}, "classes": {"ZennExplorer": {"executed_lines": [51, 52, 55, 56, 57, 70, 95, 96, 98, 99, 103, 104, 108, 110, 112, 113, 114, 115, 117, 118, 124, 125, 126, 128, 131, 132, 134, 163, 164, 169, 172, 173, 174, 175, 178, 179, 180, 181, 182, 183, 186, 188, 193, 196, 203, 204, 207, 209, 229, 230, 234, 235, 236, 237, 238, 242, 245, 246, 248, 250, 254, 257, 258, 259, 260, 261, 262, 263, 264, 265, 285, 286, 289, 294, 295, 317, 319, 320, 321, 324, 327, 328, 331, 334, 335, 338, 340, 341, 342, 345, 346, 347, 349, 350, 352, 363, 364, 367, 372, 373, 374, 376, 377, 378, 383, 395, 404, 405, 406, 407, 408, 410, 413, 414, 415, 416, 419, 420, 421, 422, 424, 425, 426, 427, 429, 430, 433, 434, 437, 438, 439, 440, 441, 445, 449, 453, 462], "summary": {"covered_lines": 136, "num_statements": 159, "percent_covered": 83.54978354978356, "percent_covered_display": "83.55", "missing_lines": 23, "excluded_lines": 2, "num_branches": 72, "num_partial_branches": 7, "covered_branches": 57, "missing_branches": 15}, "missing_lines": [136, 139, 141, 144, 145, 148, 152, 155, 158, 160, 161, 210, 213, 214, 215, 216, 222, 225, 226, 239, 423, 442, 443], "excluded_lines": [240, 254], "executed_branches": [[95, 96], [95, 98], [113, 114], [113, 169], [114, 113], [114, 115], [125, 126], [125, 128], [134, 114], [173, 174], [173, 245], [181, 182], [181, 193], [209, 229], [229, 230], [229, 242], [237, 238], [245, 246], [245, 248], [260, 261], [260, 265], [261, 262], [261, 265], [285, 286], [285, 289], [320, 321], [320, 324], [334, 335], [334, 338], [338, 340], [338, 349], [341, 342], [341, 345], [346, 347], [346, 349], [372, 373], [372, 376], [405, 406], [405, 410], [407, 408], [413, 414], [413, 419], [415, 416], [419, 420], [419, 429], [420, 419], [420, 421], [422, 424], [424, 425], [426, 420], [426, 427], [429, 430], [429, 433], [437, 438], [437, 439], [440, 441], [440, 445]], "missing_branches": [[134, 136], [139, 134], [139, 141], [144, 145], [144, 155], [155, 158], [155, 160], [209, 210], [214, 215], [214, 222], [237, 173], [407, 410], [415, 413], [422, 423], [424, 420]]}, "": {"executed_lines": [1, 3, 4, 5, 6, 7, 8, 10, 11, 13, 14, 15, 16, 17, 26, 29, 30, 39, 40, 42, 59, 72, 256, 267, 297, 369, 401, 447, 451, 460], "summary": {"covered_lines": 28, "num_statements": 28, "percent_covered": 100.0, "percent_covered_display": "100.00", "missing_lines": 0, "excluded_lines": 0, "num_branches": 0, "num_partial_branches": 0, "covered_branches": 0, "missing_branches": 0}, "missing_lines": [], "excluded_lines": [], "executed_branches": [], "missing_branches": []}}}}, "totals": {"covered_lines": 3567, "num_statements": 4613, "percent_covered": 74.47117713547554, "percent_covered_display": "74.47", "missing_lines": 1046, "excluded_lines": 80, "num_branches": 1580, "num_partial_branches": 169, "covered_branches": 1045, "missing_branches": 535}}