{"timestamp": "2025-06-23T16:52:05.899514", "level": "INFO", "logger": "service_runner", "message": "Running service: paper", "module": "run_services", "function": "run_service", "line": 127, "msg": "Running service: paper", "args": [], "levelno": 20, "pathname": "/Users/nana/workspace/nook/nook/services/run_services.py", "filename": "run_services.py", "taskName": "Task-1"}
{"timestamp": "2025-06-23T16:52:05.899852", "level": "INFO", "logger": "service_runner", "message": "Starting service: paper", "module": "run_services", "function": "_run_sync_service", "line": 63, "msg": "Starting service: paper", "args": [], "levelno": 20, "pathname": "/Users/nana/workspace/nook/nook/services/run_services.py", "filename": "run_services.py", "taskName": "Task-1"}
{"timestamp": "2025-06-23T16:52:17.924982", "level": "ERROR", "logger": "service_runner", "message": "Service paper failed: Failed after 3 attempts: Failed after 3 attempts: Using http2=True, but the 'h2' package is not installed. Make sure to install httpx using `pip install httpx[http2]`.", "module": "run_services", "function": "_run_sync_service", "line": 69, "exception": "Traceback (most recent call last):\n  File \"/Users/nana/workspace/nook/nook/common/decorators.py\", line 23, in async_wrapper\n    result = await func(*args, **kwargs)\n             ^^^^^^^^^^^^^^^^^^^^^^^^^^^\n  File \"/Users/nana/workspace/nook/nook/common/http_client.py\", line 77, in get\n    await self.start()\n  File \"/Users/nana/workspace/nook/nook/common/http_client.py\", line 48, in start\n    self._client = httpx.AsyncClient(\n                   ^^^^^^^^^^^^^^^^^^\n  File \"/Users/nana/workspace/nook/.venv/lib/python3.12/site-packages/httpx/_client.py\", line 1394, in __init__\n    raise ImportError(\nImportError: Using http2=True, but the 'h2' package is not installed. Make sure to install httpx using `pip install httpx[http2]`.\n\nThe above exception was the direct cause of the following exception:\n\nTraceback (most recent call last):\n  File \"/Users/nana/workspace/nook/nook/common/decorators.py\", line 23, in async_wrapper\n    result = await func(*args, **kwargs)\n             ^^^^^^^^^^^^^^^^^^^^^^^^^^^\n  File \"/Users/nana/workspace/nook/nook/services/paper_summarizer/paper_summarizer.py\", line 124, in _get_curated_paper_ids\n    response = await self.http_client.get(url)\n               ^^^^^^^^^^^^^^^^^^^^^^^^^^^^^^^\n  File \"/Users/nana/workspace/nook/nook/common/decorators.py\", line 52, in async_wrapper\n    raise RetryException(\nnook.common.exceptions.RetryException: Failed after 3 attempts: Using http2=True, but the 'h2' package is not installed. Make sure to install httpx using `pip install httpx[http2]`.\n\nThe above exception was the direct cause of the following exception:\n\nTraceback (most recent call last):\n  File \"/Users/nana/workspace/nook/nook/services/run_services.py\", line 66, in _run_sync_service\n    await loop.run_in_executor(None, service.run)\n  File \"/Users/nana/.pyenv/versions/3.12.1/lib/python3.12/concurrent/futures/thread.py\", line 58, in run\n    result = self.fn(*self.args, **self.kwargs)\n             ^^^^^^^^^^^^^^^^^^^^^^^^^^^^^^^^^^\n  File \"/Users/nana/workspace/nook/nook/services/paper_summarizer/paper_summarizer.py\", line 105, in run\n    asyncio.run(self.collect(limit))\n  File \"/Users/nana/.pyenv/versions/3.12.1/lib/python3.12/asyncio/runners.py\", line 194, in run\n    return runner.run(main)\n           ^^^^^^^^^^^^^^^^\n  File \"/Users/nana/.pyenv/versions/3.12.1/lib/python3.12/asyncio/runners.py\", line 118, in run\n    return self._loop.run_until_complete(task)\n           ^^^^^^^^^^^^^^^^^^^^^^^^^^^^^^^^^^^\n  File \"/Users/nana/.pyenv/versions/3.12.1/lib/python3.12/asyncio/base_events.py\", line 684, in run_until_complete\n    return future.result()\n           ^^^^^^^^^^^^^^^\n  File \"/Users/nana/workspace/nook/nook/services/paper_summarizer/paper_summarizer.py\", line 77, in collect\n    paper_ids = await self._get_curated_paper_ids(limit)\n                ^^^^^^^^^^^^^^^^^^^^^^^^^^^^^^^^^^^^^^^^\n  File \"/Users/nana/workspace/nook/nook/common/decorators.py\", line 52, in async_wrapper\n    raise RetryException(\nnook.common.exceptions.RetryException: Failed after 3 attempts: Failed after 3 attempts: Using http2=True, but the 'h2' package is not installed. Make sure to install httpx using `pip install httpx[http2]`.", "msg": "Service paper failed: Failed after 3 attempts: Failed after 3 attempts: Using http2=True, but the 'h2' package is not installed. Make sure to install httpx using `pip install httpx[http2]`.", "args": [], "levelno": 40, "pathname": "/Users/nana/workspace/nook/nook/services/run_services.py", "filename": "run_services.py", "taskName": "Task-1"}
{"timestamp": "2025-06-23T16:52:17.928850", "level": "ERROR", "logger": "service_runner", "message": "Service paper failed: Failed after 3 attempts: Failed after 3 attempts: Using http2=True, but the 'h2' package is not installed. Make sure to install httpx using `pip install httpx[http2]`.", "module": "run_services", "function": "run_service", "line": 132, "exception": "Traceback (most recent call last):\n  File \"/Users/nana/workspace/nook/nook/common/decorators.py\", line 23, in async_wrapper\n    result = await func(*args, **kwargs)\n             ^^^^^^^^^^^^^^^^^^^^^^^^^^^\n  File \"/Users/nana/workspace/nook/nook/common/http_client.py\", line 77, in get\n    await self.start()\n  File \"/Users/nana/workspace/nook/nook/common/http_client.py\", line 48, in start\n    self._client = httpx.AsyncClient(\n                   ^^^^^^^^^^^^^^^^^^\n  File \"/Users/nana/workspace/nook/.venv/lib/python3.12/site-packages/httpx/_client.py\", line 1394, in __init__\n    raise ImportError(\nImportError: Using http2=True, but the 'h2' package is not installed. Make sure to install httpx using `pip install httpx[http2]`.\n\nThe above exception was the direct cause of the following exception:\n\nTraceback (most recent call last):\n  File \"/Users/nana/workspace/nook/nook/common/decorators.py\", line 23, in async_wrapper\n    result = await func(*args, **kwargs)\n             ^^^^^^^^^^^^^^^^^^^^^^^^^^^\n  File \"/Users/nana/workspace/nook/nook/services/paper_summarizer/paper_summarizer.py\", line 124, in _get_curated_paper_ids\n    response = await self.http_client.get(url)\n               ^^^^^^^^^^^^^^^^^^^^^^^^^^^^^^^\n  File \"/Users/nana/workspace/nook/nook/common/decorators.py\", line 52, in async_wrapper\n    raise RetryException(\nnook.common.exceptions.RetryException: Failed after 3 attempts: Using http2=True, but the 'h2' package is not installed. Make sure to install httpx using `pip install httpx[http2]`.\n\nThe above exception was the direct cause of the following exception:\n\nTraceback (most recent call last):\n  File \"/Users/nana/workspace/nook/nook/services/run_services.py\", line 130, in run_service\n    await self._run_sync_service(service_name, self.sync_services[service_name])\n  File \"/Users/nana/workspace/nook/nook/services/run_services.py\", line 66, in _run_sync_service\n    await loop.run_in_executor(None, service.run)\n  File \"/Users/nana/.pyenv/versions/3.12.1/lib/python3.12/concurrent/futures/thread.py\", line 58, in run\n    result = self.fn(*self.args, **self.kwargs)\n             ^^^^^^^^^^^^^^^^^^^^^^^^^^^^^^^^^^\n  File \"/Users/nana/workspace/nook/nook/services/paper_summarizer/paper_summarizer.py\", line 105, in run\n    asyncio.run(self.collect(limit))\n  File \"/Users/nana/.pyenv/versions/3.12.1/lib/python3.12/asyncio/runners.py\", line 194, in run\n    return runner.run(main)\n           ^^^^^^^^^^^^^^^^\n  File \"/Users/nana/.pyenv/versions/3.12.1/lib/python3.12/asyncio/runners.py\", line 118, in run\n    return self._loop.run_until_complete(task)\n           ^^^^^^^^^^^^^^^^^^^^^^^^^^^^^^^^^^^\n  File \"/Users/nana/.pyenv/versions/3.12.1/lib/python3.12/asyncio/base_events.py\", line 684, in run_until_complete\n    return future.result()\n           ^^^^^^^^^^^^^^^\n  File \"/Users/nana/workspace/nook/nook/services/paper_summarizer/paper_summarizer.py\", line 77, in collect\n    paper_ids = await self._get_curated_paper_ids(limit)\n                ^^^^^^^^^^^^^^^^^^^^^^^^^^^^^^^^^^^^^^^^\n  File \"/Users/nana/workspace/nook/nook/common/decorators.py\", line 52, in async_wrapper\n    raise RetryException(\nnook.common.exceptions.RetryException: Failed after 3 attempts: Failed after 3 attempts: Using http2=True, but the 'h2' package is not installed. Make sure to install httpx using `pip install httpx[http2]`.", "msg": "Service paper failed: Failed after 3 attempts: Failed after 3 attempts: Using http2=True, but the 'h2' package is not installed. Make sure to install httpx using `pip install httpx[http2]`.", "args": [], "levelno": 40, "pathname": "/Users/nana/workspace/nook/nook/services/run_services.py", "filename": "run_services.py", "taskName": "Task-1"}
{"timestamp": "2025-06-23T16:52:17.932879", "level": "ERROR", "logger": "service_runner", "message": "Fatal error: Failed after 3 attempts: Failed after 3 attempts: Using http2=True, but the 'h2' package is not installed. Make sure to install httpx using `pip install httpx[http2]`.", "module": "run_services", "function": "main", "line": 216, "exception": "Traceback (most recent call last):\n  File \"/Users/nana/workspace/nook/nook/common/decorators.py\", line 23, in async_wrapper\n    result = await func(*args, **kwargs)\n             ^^^^^^^^^^^^^^^^^^^^^^^^^^^\n  File \"/Users/nana/workspace/nook/nook/common/http_client.py\", line 77, in get\n    await self.start()\n  File \"/Users/nana/workspace/nook/nook/common/http_client.py\", line 48, in start\n    self._client = httpx.AsyncClient(\n                   ^^^^^^^^^^^^^^^^^^\n  File \"/Users/nana/workspace/nook/.venv/lib/python3.12/site-packages/httpx/_client.py\", line 1394, in __init__\n    raise ImportError(\nImportError: Using http2=True, but the 'h2' package is not installed. Make sure to install httpx using `pip install httpx[http2]`.\n\nThe above exception was the direct cause of the following exception:\n\nTraceback (most recent call last):\n  File \"/Users/nana/workspace/nook/nook/common/decorators.py\", line 23, in async_wrapper\n    result = await func(*args, **kwargs)\n             ^^^^^^^^^^^^^^^^^^^^^^^^^^^\n  File \"/Users/nana/workspace/nook/nook/services/paper_summarizer/paper_summarizer.py\", line 124, in _get_curated_paper_ids\n    response = await self.http_client.get(url)\n               ^^^^^^^^^^^^^^^^^^^^^^^^^^^^^^^\n  File \"/Users/nana/workspace/nook/nook/common/decorators.py\", line 52, in async_wrapper\n    raise RetryException(\nnook.common.exceptions.RetryException: Failed after 3 attempts: Using http2=True, but the 'h2' package is not installed. Make sure to install httpx using `pip install httpx[http2]`.\n\nThe above exception was the direct cause of the following exception:\n\nTraceback (most recent call last):\n  File \"/Users/nana/workspace/nook/nook/services/run_services.py\", line 212, in main\n    await runner.run_service(args.service)\n  File \"/Users/nana/workspace/nook/nook/services/run_services.py\", line 130, in run_service\n    await self._run_sync_service(service_name, self.sync_services[service_name])\n  File \"/Users/nana/workspace/nook/nook/services/run_services.py\", line 66, in _run_sync_service\n    await loop.run_in_executor(None, service.run)\n  File \"/Users/nana/.pyenv/versions/3.12.1/lib/python3.12/concurrent/futures/thread.py\", line 58, in run\n    result = self.fn(*self.args, **self.kwargs)\n             ^^^^^^^^^^^^^^^^^^^^^^^^^^^^^^^^^^\n  File \"/Users/nana/workspace/nook/nook/services/paper_summarizer/paper_summarizer.py\", line 105, in run\n    asyncio.run(self.collect(limit))\n  File \"/Users/nana/.pyenv/versions/3.12.1/lib/python3.12/asyncio/runners.py\", line 194, in run\n    return runner.run(main)\n           ^^^^^^^^^^^^^^^^\n  File \"/Users/nana/.pyenv/versions/3.12.1/lib/python3.12/asyncio/runners.py\", line 118, in run\n    return self._loop.run_until_complete(task)\n           ^^^^^^^^^^^^^^^^^^^^^^^^^^^^^^^^^^^\n  File \"/Users/nana/.pyenv/versions/3.12.1/lib/python3.12/asyncio/base_events.py\", line 684, in run_until_complete\n    return future.result()\n           ^^^^^^^^^^^^^^^\n  File \"/Users/nana/workspace/nook/nook/services/paper_summarizer/paper_summarizer.py\", line 77, in collect\n    paper_ids = await self._get_curated_paper_ids(limit)\n                ^^^^^^^^^^^^^^^^^^^^^^^^^^^^^^^^^^^^^^^^\n  File \"/Users/nana/workspace/nook/nook/common/decorators.py\", line 52, in async_wrapper\n    raise RetryException(\nnook.common.exceptions.RetryException: Failed after 3 attempts: Failed after 3 attempts: Using http2=True, but the 'h2' package is not installed. Make sure to install httpx using `pip install httpx[http2]`.", "msg": "Fatal error: Failed after 3 attempts: Failed after 3 attempts: Using http2=True, but the 'h2' package is not installed. Make sure to install httpx using `pip install httpx[http2]`.", "args": [], "levelno": 40, "pathname": "/Users/nana/workspace/nook/nook/services/run_services.py", "filename": "run_services.py", "taskName": "Task-1"}
{"timestamp": "2025-06-23T16:52:51.066228", "level": "INFO", "logger": "service_runner", "message": "Running service: paper", "module": "run_services", "function": "run_service", "line": 127, "msg": "Running service: paper", "args": [], "levelno": 20, "pathname": "/Users/nana/workspace/nook/nook/services/run_services.py", "filename": "run_services.py", "taskName": "Task-1"}
{"timestamp": "2025-06-23T16:52:51.066445", "level": "INFO", "logger": "service_runner", "message": "Starting service: paper", "module": "run_services", "function": "_run_sync_service", "line": 63, "msg": "Starting service: paper", "args": [], "levelno": 20, "pathname": "/Users/nana/workspace/nook/nook/services/run_services.py", "filename": "run_services.py", "taskName": "Task-1"}
{"timestamp": "2025-06-23T16:53:02.266192", "level": "INFO", "logger": "service_runner", "message": "Service paper completed successfully", "module": "run_services", "function": "_run_sync_service", "line": 67, "msg": "Service paper completed successfully", "args": [], "levelno": 20, "pathname": "/Users/nana/workspace/nook/nook/services/run_services.py", "filename": "run_services.py", "taskName": "Task-1"}
{"timestamp": "2025-06-23T18:15:15.884180", "level": "INFO", "logger": "service_runner", "message": "Running service: paper", "module": "run_services", "function": "run_service", "line": 127, "msg": "Running service: paper", "args": [], "levelno": 20, "pathname": "/Users/nana/workspace/nook/nook/services/run_services.py", "filename": "run_services.py", "taskName": "Task-1"}
{"timestamp": "2025-06-23T18:15:15.884996", "level": "INFO", "logger": "service_runner", "message": "Starting service: paper", "module": "run_services", "function": "_run_sync_service", "line": 63, "msg": "Starting service: paper", "args": [], "levelno": 20, "pathname": "/Users/nana/workspace/nook/nook/services/run_services.py", "filename": "run_services.py", "taskName": "Task-1"}
{"timestamp": "2025-06-23T18:15:16.467410", "level": "INFO", "logger": "service_runner", "message": "Service paper completed successfully", "module": "run_services", "function": "_run_sync_service", "line": 67, "msg": "Service paper completed successfully", "args": [], "levelno": 20, "pathname": "/Users/nana/workspace/nook/nook/services/run_services.py", "filename": "run_services.py", "taskName": "Task-1"}
